AI Sports Edge Services Debug Log - 2025-04-18T01:25:40.349Z

[2025-04-18T01:25:40.350Z] Starting AI Sports Edge Services Debug
[2025-04-18T01:25:40.355Z] Finding service files
[2025-04-18T01:25:40.356Z] Found 111 service files
[2025-04-18T01:25:40.356Z] Analyzing service files
[2025-04-18T01:25:40.356Z] Analyzing service: FanDuelService
[2025-04-18T01:25:40.357Z]   - Dependencies: ../utils/apiKeys
[2025-04-18T01:25:40.357Z] Analyzing service: Formula1OddsService
[2025-04-18T01:25:40.357Z]   - Dependencies: ./OddsService, ./WeatherAdjustmentService
[2025-04-18T01:25:40.357Z] Analyzing service: HorseRacingOddsService
[2025-04-18T01:25:40.357Z]   - Dependencies: ./OddsService, ./WeatherAdjustmentService
[2025-04-18T01:25:40.357Z] Analyzing service: MlbOddsService
[2025-04-18T01:25:40.358Z]   - Dependencies: ./OddsService, ./WeatherAdjustmentService
[2025-04-18T01:25:40.358Z] Analyzing service: NbaOddsService
[2025-04-18T01:25:40.358Z]   - Dependencies: ./OddsService
[2025-04-18T01:25:40.358Z] Analyzing service: NcaaOddsService
[2025-04-18T01:25:40.358Z]   - Dependencies: ./OddsService
[2025-04-18T01:25:40.358Z] Analyzing service: NhlOddsService
[2025-04-18T01:25:40.358Z]   - Dependencies: ./OddsService
[2025-04-18T01:25:40.358Z] Analyzing service: OddsService
[2025-04-18T01:25:40.358Z]   - Dependencies: axios, ../utils/apiKeys
[2025-04-18T01:25:40.358Z] Analyzing service: SoccerOddsService
[2025-04-18T01:25:40.358Z]   - Dependencies: ./OddsService, ./WeatherAdjustmentService
[2025-04-18T01:25:40.358Z] Analyzing service: UfcOddsService
[2025-04-18T01:25:40.358Z]   - Dependencies: ./OddsService
[2025-04-18T01:25:40.358Z] Analyzing service: WeatherAdjustmentService
[2025-04-18T01:25:40.358Z]   - Dependencies: ./weatherService
[2025-04-18T01:25:40.359Z] Analyzing service: WnbaOddsService
[2025-04-18T01:25:40.359Z]   - Dependencies: ./OddsService
[2025-04-18T01:25:40.359Z] Analyzing service: abTestingService
[2025-04-18T01:25:40.359Z]   - Dependencies: @react-native-async-storage/async-storage, ./analyticsService, ../config/firebase
[2025-04-18T01:25:40.359Z]   - Service appears to use singleton pattern
[2025-04-18T01:25:40.359Z] Analyzing service: accessibilityService
[2025-04-18T01:25:40.359Z]   - Dependencies: react-native, @react-native-async-storage/async-storage, ./analyticsService
[2025-04-18T01:25:40.359Z] Analyzing service: advancedAnalyticsService
[2025-04-18T01:25:40.359Z]   - Dependencies: @react-native-async-storage/async-storage, ./subscriptionService
[2025-04-18T01:25:40.359Z] Analyzing service: advancedPlayerStatsService
[2025-04-18T01:25:40.359Z]   - Dependencies: ../config/firebase, firebase/firestore, firebase/functions, ../utils/environmentUtils, ./analyticsService, ./firebaseSubscriptionService
[2025-04-18T01:25:40.359Z] Analyzing service: aiNewsAnalysisService
[2025-04-18T01:25:40.359Z]   - Dependencies: ../config/firebase, ./sportsNewsService, ./userSportsPreferencesService, ./analyticsService
[2025-04-18T01:25:40.359Z] Analyzing service: aiPickSelector
[2025-04-18T01:25:40.359Z]   - Dependencies: ../utils/logger, firebase/firestore
[2025-04-18T01:25:40.359Z]   - Service uses environment variables
[2025-04-18T01:25:40.359Z] Analyzing service: aiPredictionService
[2025-04-18T01:25:40.359Z]   - Dependencies: ../types/odds, ../types/playerProps, ../config/firebase, ../contexts/I18nContext, ./mlPredictionService
[2025-04-18T01:25:40.360Z] Analyzing service: aiSummaryService
[2025-04-18T01:25:40.360Z]   - Dependencies: axios, ../config/firebase, ./analyticsService
[2025-04-18T01:25:40.360Z] Analyzing service: alertingService
[2025-04-18T01:25:40.360Z]   - Dependencies: react-native, ./errorUtils, ./loggingService, ./errorTrackingService
[2025-04-18T01:25:40.360Z] Analyzing service: analyticsService.d
[2025-04-18T01:25:40.360Z]   - Dependencies: None
[2025-04-18T01:25:40.360Z] Analyzing service: analyticsService
[2025-04-18T01:25:40.360Z]   - Dependencies: react-native, ../config/firebase, firebase/firestore, ../config/firebase
[2025-04-18T01:25:40.360Z] Analyzing service: analyticsService
[2025-04-18T01:25:40.360Z]   - Dependencies: react-native, ../config/firebase, firebase/firestore, ../config/firebase, @react-native-async-storage/async-storage
[2025-04-18T01:25:40.360Z] Analyzing service: apiService
[2025-04-18T01:25:40.360Z]   - Dependencies: @react-native-async-storage/async-storage, firebase/auth, ./loggingService, ./errorUtils, react-native
[2025-04-18T01:25:40.360Z] Analyzing service: appDownloadService
[2025-04-18T01:25:40.361Z]   - Dependencies: @react-native-async-storage/async-storage, react-native
[2025-04-18T01:25:40.361Z] Analyzing service: bankrollManagementService
[2025-04-18T01:25:40.361Z]   - Dependencies: @react-native-async-storage/async-storage, ../types/horseRacing
[2025-04-18T01:25:40.361Z] Analyzing service: batchLoadingService
[2025-04-18T01:25:40.361Z]   - Dependencies: firebase/auth, ./loggingService, ./errorUtils, ./enhancedCacheService, ./optimizedUserService, ../config/firebase
[2025-04-18T01:25:40.361Z] Analyzing service: bettingAffiliateService
[2025-04-18T01:25:40.361Z]   - Dependencies: @react-native-async-storage/async-storage, react-native, ../config/teamColors, ./analyticsService, ./abTestingService, ./gameUrlService
[2025-04-18T01:25:40.361Z] Analyzing service: bettingAnalyticsService
[2025-04-18T01:25:40.361Z]   - Dependencies: firebase/firestore, ../config/firebase
[2025-04-18T01:25:40.361Z] Analyzing service: bettingSlipImportService
[2025-04-18T01:25:40.361Z]   - Dependencies: ../config/firebase, ./analyticsService, uuid
[2025-04-18T01:25:40.361Z] Analyzing service: bugReportingService
[2025-04-18T01:25:40.361Z]   - Dependencies: react-native, ./errorTrackingService, ./loggingService, ./loggingService, ./analyticsService, ./feedbackService
[2025-04-18T01:25:40.361Z] Analyzing service: cacheService
[2025-04-18T01:25:40.362Z]   - Dependencies: @react-native-async-storage/async-storage, ./geolocationService, ./venueService
[2025-04-18T01:25:40.362Z] Analyzing service: cricketService
[2025-04-18T01:25:40.362Z]   - Dependencies: ../config/firebase, ./firebaseSubscriptionService
[2025-04-18T01:25:40.362Z] Analyzing service: crossPlatformSyncService
[2025-04-18T01:25:40.362Z]   - Dependencies: @react-native-async-storage/async-storage, react-native, ./analyticsService
[2025-04-18T01:25:40.362Z] Analyzing service: crossPlatformSyncService
[2025-04-18T01:25:40.362Z]   - Dependencies: @react-native-async-storage/async-storage, react-native, ./analyticsService, axios, ../config/affiliateConfig
[2025-04-18T01:25:40.362Z] Analyzing service: dataExportService
[2025-04-18T01:25:40.362Z]   - Dependencies: react-native, expo-file-system, ./bettingAnalyticsService, ./analyticsService
[2025-04-18T01:25:40.362Z] Analyzing service: dataSyncService
[2025-04-18T01:25:40.362Z]   - Dependencies: @react-native-async-storage/async-storage, ./analyticsService, ./networkService
[2025-04-18T01:25:40.362Z] Analyzing service: deepLinkingService
[2025-04-18T01:25:40.362Z]   - Dependencies: react-native, ./analyticsService, ../config/firebase
[2025-04-18T01:25:40.362Z] Analyzing service: enhancedAnalyticsService
[2025-04-18T01:25:40.363Z]   - Dependencies: ../config/firebase, @react-native-async-storage/async-storage
[2025-04-18T01:25:40.363Z] Analyzing service: enhancedCacheService
[2025-04-18T01:25:40.363Z]   - Dependencies: @react-native-async-storage/async-storage, react-native, ./loggingService, ./errorUtils
[2025-04-18T01:25:40.363Z]   - Service uses environment variables
[2025-04-18T01:25:40.363Z] Analyzing service: errorRecoveryService
[2025-04-18T01:25:40.363Z]   - Dependencies: react-native, @react-native-community/netinfo, @react-native-async-storage/async-storage, ./analyticsService
[2025-04-18T01:25:40.363Z] Analyzing service: errorTrackingService
[2025-04-18T01:25:40.363Z]   - Dependencies: @sentry/browser, @sentry/types, ./errorUtils
[2025-04-18T01:25:40.363Z]   - Service uses environment variables
[2025-04-18T01:25:40.363Z] Analyzing service: errorUtils
[2025-04-18T01:25:40.363Z]   - Dependencies: None
[2025-04-18T01:25:40.363Z]   - Service uses environment variables
[2025-04-18T01:25:40.363Z] Analyzing service: fanduelCookieService
[2025-04-18T01:25:40.363Z]   - Dependencies: @react-native-async-storage/async-storage, react-native, ./analyticsService, ../config/affiliateConfig
[2025-04-18T01:25:40.363Z] Analyzing service: faqService
[2025-04-18T01:25:40.363Z]   - Dependencies: ../config/firebase
[2025-04-18T01:25:40.363Z] Analyzing service: featureTourService
[2025-04-18T01:25:40.364Z]   - Dependencies: ./onboardingService, ./analyticsService, @react-native-async-storage/async-storage
[2025-04-18T01:25:40.364Z] Analyzing service: feedbackService
[2025-04-18T01:25:40.364Z]   - Dependencies: react-native, ./errorTrackingService, ./loggingService, ./analyticsService
[2025-04-18T01:25:40.364Z] Analyzing service: firebaseMonitoringService
[2025-04-18T01:25:40.364Z]   - Dependencies: ./loggingService, ./errorUtils, ./enhancedCacheService
[2025-04-18T01:25:40.364Z]   - Service uses environment variables
[2025-04-18T01:25:40.364Z] Analyzing service: firebaseService
[2025-04-18T01:25:40.364Z]   - Dependencies: react-native, firebase/auth, ../config/firebase
[2025-04-18T01:25:40.364Z] Analyzing service: firebaseSubscriptionService
[2025-04-18T01:25:40.364Z]   - Dependencies: ../config/firebase, firebase/firestore, firebase/functions, ../utils/environmentUtils, @stripe/stripe-react-native
[2025-04-18T01:25:40.364Z]   - Service uses environment variables
[2025-04-18T01:25:40.364Z] Analyzing service: formula1Service
[2025-04-18T01:25:40.364Z]   - Dependencies: ../config/firebase, ./firebaseSubscriptionService, ./mockDataService
[2025-04-18T01:25:40.364Z] Analyzing service: fraudDetectionService
[2025-04-18T01:25:40.365Z]   - Dependencies: ../config/firebase, ./analyticsService, ./notificationService, uuid
[2025-04-18T01:25:40.365Z] Analyzing service: gameUrlService
[2025-04-18T01:25:40.365Z]   - Dependencies: react-native, @react-native-async-storage/async-storage, ./analyticsService, ../config/firebase, firebase/firestore
[2025-04-18T01:25:40.365Z] Analyzing service: geolocationService
[2025-04-18T01:25:40.365Z]   - Dependencies: axios, ../utils/geoip/geoipService
[2025-04-18T01:25:40.365Z]   - Service uses environment variables
[2025-04-18T01:25:40.365Z] Analyzing service: geolocationService
[2025-04-18T01:25:40.365Z]   - Dependencies: axios, ../config/apiKeys, ./cacheService, ../utils/geoip
[2025-04-18T01:25:40.365Z] Analyzing service: groupSubscriptionService
[2025-04-18T01:25:40.365Z]   - Dependencies: ../config/firebase, firebase/firestore, firebase/functions, ../config/stripe
[2025-04-18T01:25:40.365Z] Analyzing service: helpCenterService
[2025-04-18T01:25:40.365Z]   - Dependencies: react-native, ./errorTrackingService, ./loggingService
[2025-04-18T01:25:40.365Z] Analyzing service: horseRacingService
[2025-04-18T01:25:40.366Z]   - Dependencies: @react-native-async-storage/async-storage
[2025-04-18T01:25:40.366Z] Analyzing service: index
[2025-04-18T01:25:40.366Z]   - Dependencies: ./OddsService, ./NbaOddsService, ./WnbaOddsService, ./NcaaOddsService, ./MlbOddsService, ./NhlOddsService, ./UfcOddsService, ./Formula1OddsService, ./SoccerOddsService, ./HorseRacingOddsService, ./weatherService, ./WeatherAdjustmentService, ./analyticsService, ./firebaseService, ./firebaseSubscriptionService, ./personalizationService, ./ml-sports-edge/MLSportsEdgeService
[2025-04-18T01:25:40.366Z]   - WARNING: Firebase usage without error handling
[2025-04-18T01:25:40.366Z] Analyzing service: index
[2025-04-18T01:25:40.366Z]   - Dependencies: ./firebaseSubscriptionService, ./subscriptionService, ./formula1Service, ./nascarService, ./rugbyService, ./cricketService
[2025-04-18T01:25:40.366Z]   - WARNING: Firebase usage without error handling
[2025-04-18T01:25:40.366Z] Analyzing service: licenseVerificationService
[2025-04-18T01:25:40.366Z]   - Dependencies: firebase/firestore
[2025-04-18T01:25:40.366Z] Analyzing service: loggingService
[2025-04-18T01:25:40.366Z]   - Dependencies: react-native, ./errorTrackingService
[2025-04-18T01:25:40.366Z]   - Service uses environment variables
[2025-04-18T01:25:40.366Z] Analyzing service: microtransactionService
[2025-04-18T01:25:40.366Z]   - Dependencies: @react-native-async-storage/async-storage, react-native, ./analyticsService, ../config/affiliateConfig, ./fanduelCookieService, ./apiService, ../config/firebase
[2025-04-18T01:25:40.366Z] Analyzing service: MLSportsEdgeService
[2025-04-18T01:25:40.366Z]   - Dependencies: None
[2025-04-18T01:25:40.366Z] Analyzing service: mlPredictionService
[2025-04-18T01:25:40.367Z]   - Dependencies: @tensorflow/tfjs, @tensorflow/tfjs-layers, ../types/odds, ../config/firebase, firebase/firestore
[2025-04-18T01:25:40.367Z]   - Service appears to use singleton pattern
[2025-04-18T01:25:40.367Z] Analyzing service: mockDataService
[2025-04-18T01:25:40.367Z]   - Dependencies: ../config/firebase, ../utils/environmentUtils
[2025-04-18T01:25:40.367Z]   - WARNING: Firebase usage without error handling
[2025-04-18T01:25:40.367Z] Analyzing service: monitoringService
[2025-04-18T01:25:40.367Z]   - Dependencies: None
[2025-04-18T01:25:40.367Z]   - WARNING: No exports found
[2025-04-18T01:25:40.367Z] Analyzing service: nascarService
[2025-04-18T01:25:40.367Z]   - Dependencies: ../config/firebase, ./firebaseSubscriptionService
[2025-04-18T01:25:40.367Z] Analyzing service: ncaaBasketballService
[2025-04-18T01:25:40.367Z]   - Dependencies: axios, ../config/ncaaBasketballApi, react-native
[2025-04-18T01:25:40.367Z] Analyzing service: networkService
[2025-04-18T01:25:40.367Z]   - Dependencies: react-native, @react-native-community/netinfo, ./analyticsService
[2025-04-18T01:25:40.367Z] Analyzing service: notificationService
[2025-04-18T01:25:40.367Z]   - Dependencies: ./analyticsService, ./deepLinkingService
[2025-04-18T01:25:40.367Z] Analyzing service: oddsCacheService
[2025-04-18T01:25:40.368Z]   - Dependencies: @react-native-async-storage/async-storage, react-native, @react-native-community/netinfo
[2025-04-18T01:25:40.368Z] Analyzing service: oddsHistoryService
[2025-04-18T01:25:40.368Z]   - Dependencies: @react-native-async-storage/async-storage, react-native
[2025-04-18T01:25:40.368Z] Analyzing service: offlineQueueService
[2025-04-18T01:25:40.368Z]   - Dependencies: @react-native-async-storage/async-storage, ./analyticsService, ./networkService
[2025-04-18T01:25:40.368Z] Analyzing service: offlineService
[2025-04-18T01:25:40.368Z]   - Dependencies: @react-native-async-storage/async-storage, @react-native-community/netinfo, ../config/firebase, firebase/firestore, ./analyticsService
[2025-04-18T01:25:40.368Z] Analyzing service: onboardingService
[2025-04-18T01:25:40.368Z]   - Dependencies: @react-native-async-storage/async-storage, ./loggingService, ./errorUtils
[2025-04-18T01:25:40.368Z] Analyzing service: optimizedUserService
[2025-04-18T01:25:40.368Z]   - Dependencies: firebase/auth, ./loggingService, ./errorUtils, firebase/app, ./enhancedCacheService, ../config/firebase
[2025-04-18T01:25:40.368Z] Analyzing service: parlayOddsService
[2025-04-18T01:25:40.369Z]   - Dependencies: @react-native-async-storage/async-storage, react-native, ./analyticsService, ../config/affiliateConfig, ./fanduelCookieService
[2025-04-18T01:25:40.369Z] Analyzing service: parlayOddsService
[2025-04-18T01:25:40.369Z]   - Dependencies: ../types/odds, ../config/oddsApi, ../config/firebase, ./firebaseSubscriptionService
[2025-04-18T01:25:40.369Z] Analyzing service: parlayService
[2025-04-18T01:25:40.369Z]   - Dependencies: ../types/odds, ../config/firebase, ./subscriptionService, @react-native-async-storage/async-storage, ./analyticsService
[2025-04-18T01:25:40.369Z] Analyzing service: paymentService
[2025-04-18T01:25:40.369Z]   - Dependencies: None
[2025-04-18T01:25:40.369Z]   - WARNING: No exports found
[2025-04-18T01:25:40.369Z] Analyzing service: performanceMonitoringService
[2025-04-18T01:25:40.369Z]   - Dependencies: @sentry/browser, ./errorUtils, ./loggingService, ./loggingService
[2025-04-18T01:25:40.369Z] Analyzing service: personalizationService
[2025-04-18T01:25:40.369Z]   - Dependencies: @react-native-async-storage/async-storage, react-native, ../config/firebase, ./analyticsService
[2025-04-18T01:25:40.369Z]   - Service appears to use singleton pattern
[2025-04-18T01:25:40.369Z] Analyzing service: playerStatsService
[2025-04-18T01:25:40.370Z]   - Dependencies: ../config/firebase, firebase/firestore, axios, ../config/sportRadarApi, react-native
[2025-04-18T01:25:40.370Z] Analyzing service: playersService
[2025-04-18T01:25:40.370Z]   - Dependencies: ../models/Player
[2025-04-18T01:25:40.370Z] Analyzing service: pushNotificationService
[2025-04-18T01:25:40.370Z]   - Dependencies: react-native, ../config/firebase, firebase/firestore, ./analyticsService, react-native-onesignal
[2025-04-18T01:25:40.370Z] Analyzing service: referralNotificationService
[2025-04-18T01:25:40.370Z]   - Dependencies: ../config/firebase, ../types/rewards
[2025-04-18T01:25:40.370Z] Analyzing service: revenueReportingService
[2025-04-18T01:25:40.370Z]   - Dependencies: ../utils/db, ../utils/logger, ../utils/cache
[2025-04-18T01:25:40.370Z] Analyzing service: rewardsService
[2025-04-18T01:25:40.370Z]   - Dependencies: @react-native-async-storage/async-storage, ../config/firebase, ./analyticsService
[2025-04-18T01:25:40.370Z] Analyzing service: rssAnalyticsService
[2025-04-18T01:25:40.370Z]   - Dependencies: ../utils/analyticsService
[2025-04-18T01:25:40.370Z] Analyzing service: rugbyService
[2025-04-18T01:25:40.371Z]   - Dependencies: ../config/firebase, ./firebaseSubscriptionService
[2025-04-18T01:25:40.371Z] Analyzing service: searchService
[2025-04-18T01:25:40.371Z]   - Dependencies: None
[2025-04-18T01:25:40.371Z]   - WARNING: No exports found
[2025-04-18T01:25:40.371Z] Analyzing service: searchService
[2025-04-18T01:25:40.371Z]   - Dependencies: ../config/firebase, firebase/firestore, firebase/auth
[2025-04-18T01:25:40.371Z] Analyzing service: sportsDataService
[2025-04-18T01:25:40.371Z]   - Dependencies: ../types/sports, ../types/ufc, ../utils/errorHandling, ./ufcService
[2025-04-18T01:25:40.371Z] Analyzing service: sportsNewsService
[2025-04-18T01:25:40.371Z]   - Dependencies: axios, ./analyticsService
[2025-04-18T01:25:40.371Z] Analyzing service: stripeTaxService
[2025-04-18T01:25:40.371Z]   - Dependencies: None
[2025-04-18T01:25:40.371Z]   - WARNING: No exports found
[2025-04-18T01:25:40.371Z]   - Service uses environment variables
[2025-04-18T01:25:40.371Z] Analyzing service: stripeTaxService
[2025-04-18T01:25:40.371Z]   - Dependencies: stripe, ../utils/logger, ../utils/cache, ../utils/db, ../utils/stripeTaxConfig, ../utils/apiKeys
[2025-04-18T01:25:40.371Z] Analyzing service: subscriptionAnalyticsService
[2025-04-18T01:25:40.371Z]   - Dependencies: ../config/firebase, ./analyticsService, firebase/functions
[2025-04-18T01:25:40.371Z] Analyzing service: subscriptionService
[2025-04-18T01:25:40.372Z]   - Dependencies: ../config/firebase, firebase/firestore, firebase/functions, ../utils/codeGenerator
[2025-04-18T01:25:40.372Z] Analyzing service: teamsService
[2025-04-18T01:25:40.372Z]   - Dependencies: ../models/Team
[2025-04-18T01:25:40.372Z] Analyzing service: ufcService
[2025-04-18T01:25:40.372Z]   - Dependencies: ../types/ufc, ../utils/errorHandling, axios, react-native
[2025-04-18T01:25:40.372Z] Analyzing service: userPreferencesService
[2025-04-18T01:25:40.372Z]   - Dependencies: ../config/firebase, firebase/firestore
[2025-04-18T01:25:40.372Z] Analyzing service: userPreferencesService
[2025-04-18T01:25:40.372Z]   - Dependencies: @react-native-async-storage/async-storage, ../types/sports, ../config/firebase
[2025-04-18T01:25:40.372Z] Analyzing service: userService
[2025-04-18T01:25:40.372Z]   - Dependencies: firebase/auth, firebase/firestore, ./loggingService, ./errorUtils, firebase/app
[2025-04-18T01:25:40.372Z] Analyzing service: userSportsPreferencesService
[2025-04-18T01:25:40.372Z]   - Dependencies: ../config/firebase, ./analyticsService
[2025-04-18T01:25:40.372Z] Analyzing service: venueService
[2025-04-18T01:25:40.372Z]   - Dependencies: axios, ./geolocationService, ../config/apiKeys, ./analyticsService, ./cacheService
[2025-04-18T01:25:40.373Z] Analyzing service: viewCounterService
[2025-04-18T01:25:40.373Z]   - Dependencies: @react-native-async-storage/async-storage, ../config/firebase, firebase/firestore, ./analyticsService, ../utils/environmentUtils
[2025-04-18T01:25:40.373Z] Analyzing service: weatherService
[2025-04-18T01:25:40.373Z]   - Dependencies: axios, @react-native-async-storage/async-storage, ../config/firebase, firebase/firestore, ./analyticsService, ../utils/apiKeys
[2025-04-18T01:25:40.373Z] Analyzing service: aiPickSelector
[2025-04-18T01:25:40.373Z]   - Dependencies: firebase/firestore, ../config/firebase, ./cacheService
[2025-04-18T01:25:40.373Z] Analyzing service: cacheService
[2025-04-18T01:25:40.373Z]   - Dependencies: @react-native-async-storage/async-storage
[2025-04-18T01:25:40.373Z] Finding service usage in other files
[2025-04-18T01:25:48.014Z] Service FanDuelService is imported in 1 files
[2025-04-18T01:25:54.706Z] Service Formula1OddsService is imported in 2 files
[2025-04-18T01:26:01.691Z] Service HorseRacingOddsService is imported in 1 files
[2025-04-18T01:26:08.619Z] Service MlbOddsService is imported in 1 files
[2025-04-18T01:26:15.483Z] Service NbaOddsService is imported in 1 files
[2025-04-18T01:26:22.472Z] Service NcaaOddsService is imported in 2 files
[2025-04-18T01:26:29.647Z] Service NhlOddsService is imported in 1 files
[2025-04-18T01:26:36.825Z] Service OddsService is imported in 15 files
[2025-04-18T01:26:44.024Z] Service SoccerOddsService is imported in 1 files
[2025-04-18T01:26:50.940Z] Service UfcOddsService is imported in 1 files
[2025-04-18T01:26:57.990Z] Service WeatherAdjustmentService is imported in 5 files
[2025-04-18T01:27:05.083Z] Service WnbaOddsService is imported in 2 files
[2025-04-18T01:27:12.055Z] Service abTestingService is imported in 2 files
[2025-04-18T01:27:19.003Z] Service accessibilityService is imported in 8 files
[2025-04-18T01:27:26.008Z] Service advancedAnalyticsService is imported in 0 files
[2025-04-18T01:27:26.009Z]   - WARNING: Service advancedAnalyticsService is not imported anywhere
[2025-04-18T01:27:33.067Z] Service advancedPlayerStatsService is imported in 3 files
[2025-04-18T01:27:40.204Z] Service aiNewsAnalysisService is imported in 4 files
[2025-04-18T01:27:47.128Z] Service aiPickSelector is imported in 2 files
[2025-04-18T01:27:53.909Z] Service aiPredictionService is imported in 15 files
[2025-04-18T01:28:00.697Z] Service aiSummaryService is imported in 4 files
[2025-04-18T01:28:07.545Z] Service alertingService is imported in 1 files
[2025-04-18T01:28:14.315Z] Service analyticsService.d is imported in 0 files
[2025-04-18T01:28:14.315Z]   - WARNING: Service analyticsService.d is not imported anywhere
[2025-04-18T01:28:21.226Z] Service analyticsService is imported in 102 files
[2025-04-18T01:28:27.989Z] Service analyticsService is imported in 102 files
[2025-04-18T01:28:34.901Z] Service apiService is imported in 2 files
[2025-04-18T01:28:41.718Z] Service appDownloadService is imported in 8 files
[2025-04-18T01:28:48.457Z] Service bankrollManagementService is imported in 10 files
[2025-04-18T01:28:55.555Z] Service batchLoadingService is imported in 2 files
[2025-04-18T01:29:02.485Z] Service bettingAffiliateService is imported in 12 files
[2025-04-18T01:29:09.290Z] Service bettingAnalyticsService is imported in 6 files
[2025-04-18T01:29:16.234Z] Service bettingSlipImportService is imported in 2 files
[2025-04-18T01:29:23.056Z] Service bugReportingService is imported in 0 files
[2025-04-18T01:29:23.056Z]   - WARNING: Service bugReportingService is not imported anywhere
[2025-04-18T01:29:29.928Z] Service cacheService is imported in 8 files
[2025-04-18T01:29:36.875Z] Service cricketService is imported in 5 files
[2025-04-18T01:29:43.884Z] Service crossPlatformSyncService is imported in 6 files
[2025-04-18T01:29:50.751Z] Service crossPlatformSyncService is imported in 6 files
[2025-04-18T01:29:57.616Z] Service dataExportService is imported in 0 files
[2025-04-18T01:29:57.617Z]   - WARNING: Service dataExportService is not imported anywhere
[2025-04-18T01:30:04.451Z] Service dataSyncService is imported in 1 files
[2025-04-18T01:30:11.390Z] Service deepLinkingService is imported in 4 files
[2025-04-18T01:30:18.252Z] Service enhancedAnalyticsService is imported in 2 files
[2025-04-18T01:30:25.218Z] Service enhancedCacheService is imported in 4 files
[2025-04-18T01:30:32.128Z] Service errorRecoveryService is imported in 4 files
[2025-04-18T01:30:39.082Z] Service errorTrackingService is imported in 11 files
[2025-04-18T01:30:46.190Z] Service errorUtils is imported in 25 files
[2025-04-18T01:30:53.515Z] Service fanduelCookieService is imported in 5 files
[2025-04-18T01:31:00.556Z] Service faqService is imported in 12 files
[2025-04-18T01:31:07.438Z] Service featureTourService is imported in 2 files
[2025-04-18T01:31:14.668Z] Service feedbackService is imported in 1 files
[2025-04-18T01:31:21.813Z] Service firebaseMonitoringService is imported in 3 files
[2025-04-18T01:31:29.076Z] Service firebaseService is imported in 4 files
[2025-04-18T01:31:39.697Z] Service firebaseSubscriptionService is imported in 31 files
[2025-04-18T01:31:46.701Z] Service formula1Service is imported in 6 files
[2025-04-18T01:31:53.873Z] Service fraudDetectionService is imported in 2 files
[2025-04-18T01:32:00.179Z] Service gameUrlService is imported in 2 files
[2025-04-18T01:32:01.622Z] Service geolocationService is imported in 15 files
[2025-04-18T01:32:02.928Z] Service geolocationService is imported in 14 files
[2025-04-18T01:32:04.218Z] Service groupSubscriptionService is imported in 2 files
[2025-04-18T01:32:05.612Z] Service helpCenterService is imported in 0 files
[2025-04-18T01:32:05.612Z]   - WARNING: Service helpCenterService is not imported anywhere
[2025-04-18T01:32:06.918Z] Service horseRacingService is imported in 6 files
[2025-04-18T01:32:08.105Z] Service index is imported in 3923 files
[2025-04-18T01:32:09.333Z] Service index is imported in 3924 files
[2025-04-18T01:32:10.619Z] Service licenseVerificationService is imported in 0 files
[2025-04-18T01:32:10.619Z]   - WARNING: Service licenseVerificationService is not imported anywhere
[2025-04-18T01:32:11.962Z] Service loggingService is imported in 27 files
[2025-04-18T01:32:13.254Z] Service microtransactionService is imported in 4 files
[2025-04-18T01:32:14.551Z] Service MLSportsEdgeService is imported in 5 files
[2025-04-18T01:32:15.862Z] Service mlPredictionService is imported in 4 files
[2025-04-18T01:32:17.228Z] Service mockDataService is imported in 1 files
[2025-04-18T01:32:18.568Z] Service monitoringService is imported in 0 files
[2025-04-18T01:32:18.568Z]   - WARNING: Service monitoringService is not imported anywhere
[2025-04-18T01:32:19.911Z] Service nascarService is imported in 5 files
[2025-04-18T01:32:21.206Z] Service ncaaBasketballService is imported in 1 files
[2025-04-18T01:32:22.634Z] Service networkService is imported in 4 files
[2025-04-18T01:32:23.937Z] Service notificationService is imported in 15 files
[2025-04-18T01:32:25.241Z] Service oddsCacheService is imported in 4 files
[2025-04-18T01:32:26.545Z] Service oddsHistoryService is imported in 5 files
[2025-04-18T01:32:27.825Z] Service offlineQueueService is imported in 2 files
[2025-04-18T01:32:29.134Z] Service offlineService is imported in 1 files
[2025-04-18T01:32:30.471Z] Service onboardingService is imported in 15 files
[2025-04-18T01:32:31.755Z] Service optimizedUserService is imported in 4 files
[2025-04-18T01:32:33.055Z] Service parlayOddsService is imported in 2 files
[2025-04-18T01:32:34.356Z] Service parlayOddsService is imported in 2 files
[2025-04-18T01:32:35.688Z] Service parlayService is imported in 6 files
[2025-04-18T01:32:37.050Z] Service paymentService is imported in 0 files
[2025-04-18T01:32:37.050Z]   - WARNING: Service paymentService is not imported anywhere
[2025-04-18T01:32:38.326Z] Service performanceMonitoringService is imported in 1 files
[2025-04-18T01:32:39.613Z] Service personalizationService is imported in 3 files
[2025-04-18T01:32:40.915Z] Service playerStatsService is imported in 12 files
[2025-04-18T01:32:42.241Z] Service playersService is imported in 0 files
[2025-04-18T01:32:42.241Z]   - WARNING: Service playersService is not imported anywhere
[2025-04-18T01:32:43.531Z] Service pushNotificationService is imported in 1 files
[2025-04-18T01:32:44.805Z] Service referralNotificationService is imported in 12 files
[2025-04-18T01:32:46.080Z] Service revenueReportingService is imported in 2 files
[2025-04-18T01:32:47.398Z] Service rewardsService is imported in 19 files
[2025-04-18T01:32:48.695Z] Service rssAnalyticsService is imported in 1 files
[2025-04-18T01:32:50.023Z] Service rugbyService is imported in 5 files
[2025-04-18T01:32:51.344Z] Service searchService is imported in 3 files
[2025-04-18T01:32:52.670Z] Service searchService is imported in 3 files
[2025-04-18T01:32:53.974Z] Service sportsDataService is imported in 8 files
[2025-04-18T01:32:55.270Z] Service sportsNewsService is imported in 6 files
[2025-04-18T01:32:56.646Z] Service stripeTaxService is imported in 0 files
[2025-04-18T01:32:56.647Z]   - WARNING: Service stripeTaxService is not imported anywhere
[2025-04-18T01:32:58.138Z] Service stripeTaxService is imported in 0 files
[2025-04-18T01:32:58.138Z]   - WARNING: Service stripeTaxService is not imported anywhere
[2025-04-18T01:32:59.696Z] Service subscriptionAnalyticsService is imported in 4 files
[2025-04-18T01:33:01.082Z] Service subscriptionService is imported in 33 files
[2025-04-18T01:33:02.526Z] Service teamsService is imported in 0 files
[2025-04-18T01:33:02.527Z]   - WARNING: Service teamsService is not imported anywhere
[2025-04-18T01:33:03.943Z] Service ufcService is imported in 12 files
[2025-04-18T01:33:05.294Z] Service userPreferencesService is imported in 17 files
[2025-04-18T01:33:06.614Z] Service userPreferencesService is imported in 16 files
[2025-04-18T01:33:08.065Z] Service userService is imported in 11 files
[2025-04-18T01:33:09.390Z] Service userSportsPreferencesService is imported in 6 files
[2025-04-18T01:33:10.729Z] Service venueService is imported in 2 files
[2025-04-18T01:33:12.083Z] Service viewCounterService is imported in 3 files
[2025-04-18T01:33:13.410Z] Service weatherService is imported in 4 files
[2025-04-18T01:33:14.748Z] Service aiPickSelector is imported in 1 files
[2025-04-18T01:33:16.087Z] Service cacheService is imported in 8 files
[2025-04-18T01:33:16.087Z] Checking for circular dependencies
[2025-04-18T01:33:16.089Z]   - WARNING: Circular dependency between cacheService and venueService
[2025-04-18T01:33:16.090Z]   - WARNING: Circular dependency between geolocationService and cacheService
[2025-04-18T01:33:16.090Z]   - WARNING: Circular dependency between venueService and cacheService
[2025-04-18T01:33:16.090Z] Checking for Firebase services
[2025-04-18T01:33:16.090Z] Found 52 services using Firebase
[2025-04-18T01:33:16.090Z] Generating report
[2025-04-18T01:33:16.090Z] Generated report: /Users/lisadario/Desktop/ai-sports-edge/services-debug-report.md
[2025-04-18T01:33:16.090Z] AI Sports Edge Services Debug completed successfully
