# Atomic Architecture Deployment Summary

Date: April 22, 2025

## Deployed Components

- Environment Module
  - atoms/envConfig.js
  - atoms/serviceConfig.js
  - atoms/envValidator.js
  - molecules/environmentValidator.js
  - organisms/environmentBootstrap.js

- Firebase Module
  - atoms/firebaseApp.js
  - molecules/firebaseAuth.js
  - molecules/firebaseFirestore.js
  - organisms/firebaseService.js

- Theme Module
  - atoms/themeColors.js
  - atoms/themeTokens.js
  - molecules/themeContext.js
  - organisms/themeProvider.js

- Monitoring Module
  - atoms/errorUtils.js
  - molecules/errorTracking.js
  - molecules/logging.js
  - molecules/performance.js
  - organisms/monitoringService.js

## Example Components

- examples/ProfileScreen.js - Example screen implementation
- examples/AppInitialization.js - Example app initialization
- examples/README.md - Example documentation

## Documentation

- atomic/README.md - Overview of the atomic architecture
- atomic-architecture-summary.md - Detailed summary of the implementation
- docs/atomic/README.md - Generated documentation

## Deployment Log

- Code formatting: DONE
- Linting: SKIPPED (to be run manually)
- Build directory creation: DONE
- Component copying: DONE
- Documentation generation: DONE

## Next Steps

1. Update imports in the main application to use the new atomic components
2. Add unit tests for each atomic component
3. Update documentation as needed
4. Consider adding templates and pages for complete UI features