
[0;33mStep 1: Updating Firebase initialization...[0m
[0;32m✓ Creating .env file completed successfully[0m
[0;32m✓ Updating firebase.js completed successfully[0m

[0;33mStep 2: Creating signup route...[0m
[0;32m✓ Creating routes.js completed successfully[0m

[0;33mStep 3: Updating webpack configuration...[0m
[0;32m✓ Creating webpack.config.js completed successfully[0m

[0;33mStep 4: Updating index.js...[0m
[0;32m✓ Updating index.js completed successfully[0m

[0;33mStep 5: Creating global CSS...[0m
[0;32m✓ Creating global.css completed successfully[0m

[0;33mStep 6: Building and deploying...[0m
[0;32m✓ Creating build-and-deploy.js completed successfully[0m
[0;32m✓ Updating package.json with build:signup script completed successfully[0m

[0;33mStep 7: Creating summary report...[0m
[0;32m✓ Creating summary report completed successfully[0m

[0;32m=========================================[0m
[0;32mSignup Page Deployment Setup Completed Successfully[0m
[0;32mSee signup-deployment-summary.md for details[0m
[0;32m=========================================[0m
