Starting atomic architecture deployment at Tue Apr 22 16:55:40 EDT 2025
----------------------------------------
Checking required tools...
Creating backup directory...
Backing up current build...
Running Prettier on atomic components...
Starting Prettier formatting at Tue Apr 22 16:55:40 EDT 2025
----------------------------------------
Formatting atomic components...
Formatting atoms...
Formatting molecules...
Formatting organisms...
Formatting templates...
Formatting pages...
Formatting tests...
Formatting index files...
Optimizing imports...
Optimizing imports in atomic/molecules/logging.js...
Optimizing imports in atomic/molecules/index.js...
Optimizing imports in atomic/molecules/errorTracking.js...
Optimizing imports in atomic/molecules/performance.js...
Optimizing imports in atomic/molecules/firebaseAuth.js...
Optimizing imports in atomic/molecules/firebaseFirestore.js...
Optimizing imports in atomic/molecules/themeContext.js...
Optimizing imports in atomic/molecules/environmentValidator.js...
Optimizing imports in atomic/atoms/firebaseApp.js...
Optimizing imports in atomic/atoms/formatUtils.js...
Optimizing imports in atomic/atoms/index.js...
Optimizing imports in atomic/atoms/themeColors.js...
Optimizing imports in atomic/atoms/serviceConfig.js...
Optimizing imports in atomic/atoms/errorUtils.js...
Optimizing imports in atomic/atoms/envValidator.js...
Optimizing imports in atomic/atoms/themeTokens.js...
Optimizing imports in atomic/atoms/envConfig.js...
Optimizing imports in atomic/index.js...
Optimizing imports in atomic/templates/MainLayout.js...
Optimizing imports in atomic/templates/index.js...
Optimizing imports in atomic/pages/SettingsPage.js...
Optimizing imports in atomic/pages/index.js...
Optimizing imports in atomic/pages/LoginScreen.js.lazy.js...
Optimizing imports in atomic/pages/BettingPage.js...
Optimizing imports in atomic/pages/LoginScreen.js...
Optimizing imports in atomic/pages/HomePage.js...
Optimizing imports in atomic/pages/SignupPage.js.lazy.js...
Optimizing imports in atomic/pages/ProfilePage.js...
Optimizing imports in atomic/pages/HomePage.js.lazy.js...
Optimizing imports in atomic/pages/index.js.lazy.js...
Optimizing imports in atomic/pages/SignupPage.js...
Optimizing imports in atomic/pages/ForgotPasswordPage.js...
Optimizing imports in atomic/pages/ForgotPasswordPage.js.lazy.js...
Optimizing imports in atomic/organisms/monitoringService.js...
Optimizing imports in atomic/organisms/firebaseService.js...
Optimizing imports in atomic/organisms/themeProvider.js...
Optimizing imports in atomic/organisms/index.js...
Optimizing imports in atomic/organisms/environmentBootstrap.js...
Optimizing imports in __tests__/atomic/molecules/themeContext.test.js...
Optimizing imports in __tests__/atomic/atoms/firebaseApp.test.js...
Optimizing imports in __tests__/atomic/test-template.js...
Optimizing imports in __tests__/atomic/templates/MainLayout.test.js...
Optimizing imports in __tests__/atomic/pages/LoginScreen.test.js...
Optimizing imports in __tests__/atomic/pages/BettingPage.test.js...
Optimizing imports in __tests__/atomic/pages/HomePage.test.js...
Optimizing imports in __tests__/atomic/pages/ForgotPasswordPage.test.js...
Optimizing imports in __tests__/atomic/pages/SignupPage.test.js...
Optimizing imports in __tests__/atomic/pages/SettingsPage.test.js...
Optimizing imports in __tests__/atomic/pages/ProfilePage.test.js...
Running ESLint to fix any issues...
