
[0;33mStep 1: Checking source directories...[0m
[0;32m✓ Source directories check completed successfully[0m

[0;33mStep 2: Checking if required files exist...[0m
[0;32m✓ Required files check completed successfully[0m

[0;33mStep 3: Checking VS Code SFTP configuration...[0m
[0;32m✓ VS Code SFTP configuration check completed successfully[0m

[0;33mStep 4: Creating temporary deployment directory...[0m
[0;32m✓ Creating temporary deployment directory completed successfully[0m

[0;33mStep 5: Copying files to temporary deployment directory...[0m
[0;32m✓ Copying files to temporary deployment directory completed successfully[0m

[0;33mStep 6: Creating README file...[0m
[0;32m✓ Creating README file completed successfully[0m

[0;33mStep 7: Creating deployment summary...[0m
[0;32m✓ Creating deployment summary completed successfully[0m

[0;32m=========================================[0m
[0;32mFirebase Fix Deployment Prepared Successfully[0m
[0;32mFiles are ready in the 'temp-deploy' directory[0m
[0;32mSee firebase-fix-deployment-summary.md for details[0m
[0;32m=========================================[0m

[0;33mStep 8: Manual Deployment Instructions[0m
To deploy the files using VS Code SFTP:
1. Install the VS Code SFTP extension by Natizyskunk
2. Open the 'temp-deploy' directory in VS Code
3. Right-click on each file and select 'SFTP: Upload'
4. Or use the keyboard shortcut Ctrl+Alt+U (Windows/Linux) or Cmd+Alt+U (Mac)

To verify the deployment, test the signup functionality at:
- https://aisportsedge.app/signup
