Starting atomic architecture implementation at Tue Apr 22 16:05:02 EDT 2025
----------------------------------------
Current branch: feature/atomic-architecture-20250422_152356
Creating implementation plan...
Updating package.json...
Updating webpack.config.js...
Updating tsconfig.json...
Updating index.js...
Updating App.tsx...
Updating routes.js...
Running tests...
FAIL __tests__/atomic/templates/MainLayout.test.js
  ● Main Layout Template › should render with children

    Element type is invalid: expected a string (for built-in components) or a class/function (for composite components) but got: undefined. You likely forgot to export your component from the file it's defined in, or you might have mixed up default and named imports.

    Check the render method of `MainLayout`.

      27 |     
      28 |     // Act
    > 29 |     const { getByTestId } = render(
         |                                   ^
      30 |       <MainLayout>{children}</MainLayout>
      31 |     );
      32 |     

      at createFiberFromTypeAndProps (node_modules/react-test-renderer/cjs/react-test-renderer.development.js:17518:17)
      at createFiberFromElement (node_modules/react-test-renderer/cjs/react-test-renderer.development.js:17544:15)
      at reconcileSingleElement (node_modules/react-test-renderer/cjs/react-test-renderer.development.js:5813:23)
      at reconcileChildFibers (node_modules/react-test-renderer/cjs/react-test-renderer.development.js:5871:35)
      at reconcileChildren (node_modules/react-test-renderer/cjs/react-test-renderer.development.js:9096:28)
      at mountIndeterminateComponent (node_modules/react-test-renderer/cjs/react-test-renderer.development.js:9915:5)
      at beginWork (node_modules/react-test-renderer/cjs/react-test-renderer.development.js:11312:16)
      at performUnitOfWork (node_modules/react-test-renderer/cjs/react-test-renderer.development.js:15811:12)
      at workLoopSync (node_modules/react-test-renderer/cjs/react-test-renderer.development.js:15745:5)
      at renderRootSync (node_modules/react-test-renderer/cjs/react-test-renderer.development.js:15717:7)
      at recoverFromConcurrentError (node_modules/react-test-renderer/cjs/react-test-renderer.development.js:15187:20)
      at performConcurrentWorkOnRoot (node_modules/react-test-renderer/cjs/react-test-renderer.development.js:15087:22)
      at flushActQueue (node_modules/react/cjs/react.development.js:2667:24)
      at act (node_modules/react/cjs/react.development.js:2582:11)
      at actImplementation (node_modules/@testing-library/react-native/src/act.ts:31:25)
      at renderWithAct (node_modules/@testing-library/react-native/src/render-act.ts:13:11)
      at renderInternal (node_modules/@testing-library/react-native/src/render.tsx:69:33)
      at renderInternal (node_modules/@testing-library/react-native/src/render.tsx:44:10)
      at Object.<anonymous> (__tests__/atomic/templates/MainLayout.test.js:29:35)

  ● Main Layout Template › should render with header and footer

    Element type is invalid: expected a string (for built-in components) or a class/function (for composite components) but got: undefined. You likely forgot to export your component from the file it's defined in, or you might have mixed up default and named imports.

    Check the render method of `MainLayout`.

      43 |     
      44 |     // Act
    > 45 |     const { getByTestId } = render(
         |                                   ^
      46 |       <MainLayout header={header} footer={footer}>
      47 |         <div>Content</div>
      48 |       </MainLayout>

      at createFiberFromTypeAndProps (node_modules/react-test-renderer/cjs/react-test-renderer.development.js:17518:17)
      at createFiberFromElement (node_modules/react-test-renderer/cjs/react-test-renderer.development.js:17544:15)
      at reconcileSingleElement (node_modules/react-test-renderer/cjs/react-test-renderer.development.js:5813:23)
      at reconcileChildFibers (node_modules/react-test-renderer/cjs/react-test-renderer.development.js:5871:35)
      at reconcileChildren (node_modules/react-test-renderer/cjs/react-test-renderer.development.js:9096:28)
      at mountIndeterminateComponent (node_modules/react-test-renderer/cjs/react-test-renderer.development.js:9915:5)
      at beginWork (node_modules/react-test-renderer/cjs/react-test-renderer.development.js:11312:16)
      at performUnitOfWork (node_modules/react-test-renderer/cjs/react-test-renderer.development.js:15811:12)
      at workLoopSync (node_modules/react-test-renderer/cjs/react-test-renderer.development.js:15745:5)
      at renderRootSync (node_modules/react-test-renderer/cjs/react-test-renderer.development.js:15717:7)
      at recoverFromConcurrentError (node_modules/react-test-renderer/cjs/react-test-renderer.development.js:15187:20)
      at performConcurrentWorkOnRoot (node_modules/react-test-renderer/cjs/react-test-renderer.development.js:15087:22)
      at flushActQueue (node_modules/react/cjs/react.development.js:2667:24)
      at act (node_modules/react/cjs/react.development.js:2582:11)
      at actImplementation (node_modules/@testing-library/react-native/src/act.ts:31:25)
      at renderWithAct (node_modules/@testing-library/react-native/src/render-act.ts:13:11)
      at renderInternal (node_modules/@testing-library/react-native/src/render.tsx:69:33)
      at renderInternal (node_modules/@testing-library/react-native/src/render.tsx:44:10)
      at Object.<anonymous> (__tests__/atomic/templates/MainLayout.test.js:45:35)

PASS __tests__/atomic/atoms/firebaseApp.test.js
  ● Console

    console.log
      Firebase app initialized successfully

      at log (atomic/atoms/firebaseApp.js:22:15)

    console.log
      Firebase app initialized successfully

      at log (atomic/atoms/firebaseApp.js:22:15)

FAIL __tests__/atomic/pages/SignupPage.test.js
  ● Test suite failed to run

    Cannot find module '../molecules/i18nContext' from 'atomic/pages/LoginScreen.js'

    Require stack:
      atomic/pages/LoginScreen.js
      atomic/pages/index.js
      __tests__/atomic/pages/SignupPage.test.js

      15 | import { monitoringService } from "../organisms";
      16 | import { appDownloadService } from "../organisms";
    > 17 | import { useI18n } from "../molecules/i18nContext";
         | ^
      18 |
      19 | /**
      20 |  * Login Screen component

      at Resolver._throwModNotFoundError (node_modules/jest-resolve/build/resolver.js:427:11)
      at Object.require (atomic/pages/LoginScreen.js:17:1)
      at Object.require (atomic/pages/index.js:11:1)
      at Object.require (__tests__/atomic/pages/SignupPage.test.js:9:1)

FAIL __tests__/atomic/pages/LoginScreen.test.js
  ● Test suite failed to run

    Cannot find module '../../../atomic/molecules/i18nContext' from '__tests__/atomic/pages/LoginScreen.test.js'

      37 | }));
      38 |
    > 39 | jest.mock('../../../atomic/molecules/i18nContext', () => ({
         |      ^
      40 |   useI18n: jest.fn(() => ({
      41 |     t: jest.fn((key) => {
      42 |       const translations = {

      at Resolver._throwModNotFoundError (node_modules/jest-resolve/build/resolver.js:427:11)
      at Object.mock (__tests__/atomic/pages/LoginScreen.test.js:39:6)

FAIL __tests__/atomic/pages/HomePage.test.js
  ● Test suite failed to run

    Cannot find module '../molecules/i18nContext' from 'atomic/pages/LoginScreen.js'

    Require stack:
      atomic/pages/LoginScreen.js
      atomic/pages/index.js
      __tests__/atomic/pages/HomePage.test.js

      15 | import { monitoringService } from "../organisms";
      16 | import { appDownloadService } from "../organisms";
    > 17 | import { useI18n } from "../molecules/i18nContext";
         | ^
      18 |
      19 | /**
      20 |  * Login Screen component

      at Resolver._throwModNotFoundError (node_modules/jest-resolve/build/resolver.js:427:11)
      at Object.require (atomic/pages/LoginScreen.js:17:1)
      at Object.require (atomic/pages/index.js:11:1)
      at Object.require (__tests__/atomic/pages/HomePage.test.js:9:1)

FAIL __tests__/atomic/pages/ForgotPasswordPage.test.js
  ● Test suite failed to run

    Cannot find module '../molecules/i18nContext' from 'atomic/pages/LoginScreen.js'

    Require stack:
      atomic/pages/LoginScreen.js
      atomic/pages/index.js
      __tests__/atomic/pages/ForgotPasswordPage.test.js

      15 | import { monitoringService } from "../organisms";
      16 | import { appDownloadService } from "../organisms";
    > 17 | import { useI18n } from "../molecules/i18nContext";
         | ^
      18 |
      19 | /**
      20 |  * Login Screen component

      at Resolver._throwModNotFoundError (node_modules/jest-resolve/build/resolver.js:427:11)
      at Object.require (atomic/pages/LoginScreen.js:17:1)
      at Object.require (atomic/pages/index.js:11:1)
      at Object.require (__tests__/atomic/pages/ForgotPasswordPage.test.js:9:1)

FAIL __tests__/atomic/molecules/themeContext.test.js
  ● Test suite failed to run

    Cannot find module '@testing-library/react-hooks' from '__tests__/atomic/molecules/themeContext.test.js'

       6 |
       7 | import React from 'react';
    >  8 | import { renderHook, act } from '@testing-library/react-hooks';
         | ^
       9 | import { ThemeContext, useTheme } from '../../../atomic/molecules/themeContext';
      10 |
      11 | describe('Theme Context Molecule', () => {

      at Resolver._throwModNotFoundError (node_modules/jest-resolve/build/resolver.js:427:11)
      at Object.require (__tests__/atomic/molecules/themeContext.test.js:8:1)

--------------------------|---------|----------|---------|---------|-------------------
File                      | % Stmts | % Branch | % Funcs | % Lines | Uncovered Line #s 
--------------------------|---------|----------|---------|---------|-------------------
All files                 |    3.79 |     5.49 |    3.18 |    3.77 |                   
 atoms                    |   24.13 |    24.67 |   21.73 |   25.95 |                   
  envConfig.js            |      75 |       75 |     100 |   73.68 | 30-33,49-51       
  envValidator.js         |       0 |        0 |       0 |       0 | 8-80              
  errorUtils.js           |       0 |        0 |       0 |       0 | 22-194            
  firebaseApp.js          |   82.35 |       80 |   66.66 |   82.35 | 25-26,55          
  serviceConfig.js        |     100 |      100 |     100 |     100 |                   
  themeColors.js          |       0 |      100 |     100 |       0 | 12-204            
  themeTokens.js          |       0 |      100 |     100 |       0 | 14-291            
 molecules                |       0 |        0 |       0 |       0 |                   
  environmentValidator.js |       0 |        0 |       0 |       0 | 24-111            
  errorTracking.js        |       0 |        0 |       0 |       0 | 15-268            
  firebaseAuth.js         |       0 |        0 |       0 |       0 | 22-224            
  firebaseFirestore.js    |       0 |        0 |       0 |       0 | 34-500            
  logging.js              |       0 |        0 |       0 |       0 | 16-499            
  performance.js          |       0 |        0 |       0 |       0 | 16-421            
  themeContext.js         |       0 |        0 |       0 |       0 | 35-170            
 organisms                |       0 |        0 |       0 |       0 |                   
  environmentBootstrap.js |       0 |        0 |       0 |       0 | 41-163            
  firebaseService.js      |       0 |        0 |       0 |       0 | 53-275            
  monitoringService.js    |       0 |        0 |       0 |       0 | 93-382            
  themeProvider.js        |       0 |        0 |       0 |       0 | 19-142            
 pages                    |       0 |        0 |       0 |       0 |                   
  ForgotPasswordPage.js   |       0 |        0 |       0 |       0 | 21-142            
  HomePage.js             |       0 |        0 |       0 |       0 | 22-227            
  LoginScreen.js          |       0 |        0 |       0 |       0 | 23-298            
  SignupPage.js           |       0 |        0 |       0 |       0 | 21-177            
 templates                |   85.71 |     64.7 |     100 |   85.71 |                   
  MainLayout.js           |   85.71 |     64.7 |     100 |   85.71 | 77,105            
--------------------------|---------|----------|---------|---------|-------------------
Test Suites: 6 failed, 1 passed, 7 total
Tests:       2 failed, 1 skipped, 5 passed, 8 total
Snapshots:   0 total
Time:        1.23 s
Ran all test suites matching /__tests__\/atomic\//i.
Running ESLint...
Need to install the following packages:
eslint@9.25.1
Ok to proceed? (y) 