Starting atomic optimization at Tue Apr 22 16:25:43 EDT 2025
----------------------------------------
Optimizing atoms...
Component firebaseApp is not a functional component, skipping...
File atomic/atoms/firebaseApp.js is not a React component, skipping...
File atomic/atoms/firebaseApp.js is not a React component, skipping...
Optimizing imports in atomic/atoms/firebaseApp.js...
[warn] jsxBracketSameLine is deprecated.
[error] atomic/atoms/firebaseApp.js: SyntaxError: Unexpected token (28:5)
[error]   26 |     return null;
[error]   27 |     }
[error] > 28 |     } else {
[error]      |     ^
[error]   29 |   firebaseApp = null;
[error]   30 |   if (!firebaseApp) {
[error]   31 |   return firebaseApp;
Component firebaseApp is not a class component, skipping...
Component index is not a functional component, skipping...
File atomic/atoms/index.js is not a React component, skipping...
File atomic/atoms/index.js is not a React component, skipping...
Optimizing imports in atomic/atoms/index.js...
[warn] jsxBracketSameLine is deprecated.
[error] atomic/atoms/index.js: SyntaxError: Unexpected token (12:2)
[error]   10 |
[error]   11 |
[error] > 12 |  *
[error]      |  ^
[error]   13 |  * Atoms Index
[error]   14 |  * This file exports all atom components for easier imports.
[error]   15 |  */
Component index is not a class component, skipping...
Component themeColors is not a functional component, skipping...
File atomic/atoms/themeColors.js is not a React component, skipping...
File atomic/atoms/themeColors.js is not a React component, skipping...
Optimizing imports in atomic/atoms/themeColors.js...
[warn] jsxBracketSameLine is deprecated.
[error] atomic/atoms/themeColors.js: SyntaxError: Unexpected token (34:8)
[error]   32 |
[error]   33 |
[error] > 34 |     100: '#b3d1ff',
[error]      |        ^
[error]   35 |     100: '#c3eac3',
[error]   36 |     100: '#f1f3f5',
[error]   37 |     100: '#ffb3b3',
Component themeColors is not a class component, skipping...
Component serviceConfig is not a functional component, skipping...
File atomic/atoms/serviceConfig.js is not a React component, skipping...
File atomic/atoms/serviceConfig.js is not a React component, skipping...
Optimizing imports in atomic/atoms/serviceConfig.js...
[warn] jsxBracketSameLine is deprecated.
[error] atomic/atoms/serviceConfig.js: SyntaxError: Unexpected token (17:9)
[error]   15 |
[error]   16 |   apiKey: getEnvVar('FIREBASE_API_KEY'),
[error] > 17 |   apiKey: getEnvVar('ONESIGNAL_API_KEY'),
[error]      |         ^
[error]   18 |   appId: getEnvVar('FIREBASE_APP_ID'),
[error]   19 |   appId: getEnvVar('ONESIGNAL_APP_ID'),
[error]   20 |   authDomain: getEnvVar('FIREBASE_AUTH_DOMAIN'),
Component serviceConfig is not a class component, skipping...
Component errorUtils is not a functional component, skipping...
File atomic/atoms/errorUtils.js is not a React component, skipping...
File atomic/atoms/errorUtils.js is not a React component, skipping...
Optimizing imports in atomic/atoms/errorUtils.js...
[warn] jsxBracketSameLine is deprecated.
[error] atomic/atoms/errorUtils.js: SyntaxError: Unexpected token (48:21)
[error]   46 |     'Network Error',
[error]   47 |     'Network request failed',
[error] > 48 |     'already-exists': 'This resource already exists',
[error]      |                     ^
[error]   49 |     'auth/email-already-in-use': 'This email is already in use',
[error]   50 |     'auth/invalid-email': 'Invalid email address',
[error]   51 |     'auth/network-request-failed',
Component errorUtils is not a class component, skipping...
Component envValidator is not a functional component, skipping...
File atomic/atoms/envValidator.js is not a React component, skipping...
File atomic/atoms/envValidator.js is not a React component, skipping...
Optimizing imports in atomic/atoms/envValidator.js...
[warn] jsxBracketSameLine is deprecated.
[error] atomic/atoms/envValidator.js: SyntaxError: Unexpected token (30:5)
[error]   28 |     'FIREBASE_PROJECT_ID',
[error]   29 |     'FIREBASE_STORAGE_BUCKET',
[error] > 30 |     const missingInCategory = vars.filter(varName => !process.env[varName]);
[error]      |     ^
[error]   31 |     if (missingInCategory.length > 0) {
[error]   32 |     message +=
[error]   33 |     message += 'API keys are missing. See .env.example for required keys.\n';
Component envValidator is not a class component, skipping...
Component themeTokens is not a functional component, skipping...
File atomic/atoms/themeTokens.js is not a React component, skipping...
File atomic/atoms/themeTokens.js is not a React component, skipping...
Optimizing imports in atomic/atoms/themeTokens.js...
[warn] jsxBracketSameLine is deprecated.
[error] atomic/atoms/themeTokens.js: SyntaxError: Unexpected token (42:12)
[error]   40 |
[error]   41 |     android: 'Roboto',
[error] > 42 |     android: 'Roboto-Bold',
[error]      |            ^
[error]   43 |     android: 'Roboto-Medium',
[error]   44 |     android: 'Roboto-Medium',
[error]   45 |     android: 'monospace',
Component themeTokens is not a class component, skipping...
Component envConfig is not a functional component, skipping...
File atomic/atoms/envConfig.js is not a React component, skipping...
File atomic/atoms/envConfig.js is not a React component, skipping...
Optimizing imports in atomic/atoms/envConfig.js...
[warn] jsxBracketSameLine is deprecated.
[error] atomic/atoms/envConfig.js: SyntaxError: Unexpected token (15:11)
[error]   13 |
[error]   14 |
[error] > 15 |           : {};
[error]      |           ^
[error]   16 |           ? global.__FIREBASE_DEFAULTS__
[error]   17 |         : typeof global !== 'undefined' && global.__FIREBASE_DEFAULTS__
[error]   18 |         ? window.__FIREBASE_DEFAULTS__
Component envConfig is not a class component, skipping...
Optimizing molecules...
Component logging is not a functional component, skipping...
File atomic/molecules/logging.js is not a React component, skipping...
File atomic/molecules/logging.js is not a React component, skipping...
Optimizing imports in atomic/molecules/logging.js...
[warn] jsxBracketSameLine is deprecated.
[error] atomic/molecules/logging.js: SyntaxError: Unexpected token (93:7)
[error]   91 |       logToSentry(entry);
[error]   92 |       message,
[error] > 93 |       return 'debug';
[error]      |       ^
[error]   94 |       return 'error';
[error]   95 |       return 'fatal';
[error]   96 |       return 'info';
Component logging is not a class component, skipping...
Component index is not a functional component, skipping...
File atomic/molecules/index.js is not a React component, skipping...
File atomic/molecules/index.js is not a React component, skipping...
Optimizing imports in atomic/molecules/index.js...
[warn] jsxBracketSameLine is deprecated.
[error] atomic/molecules/index.js: SyntaxError: Unexpected token (12:2)
[error]   10 |
[error]   11 |
[error] > 12 |  *
[error]      |  ^
[error]   13 |  * Molecules Index
[error]   14 |  * This file exports all molecule components for easier imports.
[error]   15 |  */
Component index is not a class component, skipping...
Component errorTracking is not a functional component, skipping...
File atomic/molecules/errorTracking.js is not a React component, skipping...
File atomic/molecules/errorTracking.js is not a React component, skipping...
Optimizing imports in atomic/molecules/errorTracking.js...
[warn] jsxBracketSameLine is deprecated.
[error] atomic/molecules/errorTracking.js: SyntaxError: Unexpected token (50:13)
[error]   48 |             }
[error]   49 |           email: user.email || undefined,
[error] > 50 |           id: user.id,
[error]      |             ^
[error]   51 |           try {
[error]   52 |           }
[error]   53 |           } catch (beforeSendError) {
Component errorTracking is not a class component, skipping...
Component performance is not a functional component, skipping...
File atomic/molecules/performance.js is not a React component, skipping...
File atomic/molecules/performance.js is not a React component, skipping...
Optimizing imports in atomic/molecules/performance.js...
[warn] jsxBracketSameLine is deprecated.
[error] atomic/molecules/performance.js: SyntaxError: Unexpected token (59:9)
[error]   57 |           transaction.setTag(key, String(value));
[error]   58 |           });
[error] > 59 |         ...data,
[error]      |         ^
[error]   60 |         ...data,
[error]   61 |         // Add additional data
[error]   62 |         // Finish transaction
Component performance is not a class component, skipping...
Component firebaseAuth is not a functional component, skipping...
File atomic/molecules/firebaseAuth.js is not a React component, skipping...
File atomic/molecules/firebaseAuth.js is not a React component, skipping...
Optimizing imports in atomic/molecules/firebaseAuth.js...
[warn] jsxBracketSameLine is deprecated.
[error] atomic/molecules/firebaseAuth.js: SyntaxError: Unexpected token, expected "," (8:8)
[error]    6 |
[error]    7 | // Internal imports
[error] >  8 | import { getFirebaseApp } from '../atoms/firebaseApp';
[error]      |        ^
[error]    9 |
[error]   10 |
[error]   11 |
Component firebaseAuth is not a class component, skipping...
Component firebaseFirestore is not a functional component, skipping...
File atomic/molecules/firebaseFirestore.js is not a React component, skipping...
File atomic/molecules/firebaseFirestore.js is not a React component, skipping...
Optimizing imports in atomic/molecules/firebaseFirestore.js...
[warn] jsxBracketSameLine is deprecated.
[error] atomic/molecules/firebaseFirestore.js: SyntaxError: Unexpected token, expected "," (8:8)
[error]    6 |
[error]    7 | // Internal imports
[error] >  8 | import { getFirebaseApp } from '../atoms/firebaseApp';
[error]      |        ^
[error]    9 |
[error]   10 |
[error]   11 |
Component firebaseFirestore is not a class component, skipping...
Component themeContext is not a functional component, skipping...
Adding useCallback to event handlers in atomic/molecules/themeContext.js...
[warn] jsxBracketSameLine is deprecated.
[error] atomic/molecules/themeContext.js: SyntaxError: Unexpected token (30:9)
[error]   28 |
[error]   29 |
[error] > 30 |         ...DarkTheme.colors,
[error]      |         ^
[error]   31 |         background: Colors.dark.background,
[error]   32 |         border: Colors.dark.border,
[error]   33 |         card: Colors.dark.card,
Adding useMemo for computed values in atomic/molecules/themeContext.js...
Value colors is already using useMemo, skipping...
Value isDark is a simple assignment, skipping...
Value shadows is a simple assignment, skipping...
Value createTextStyle is already using useMemo, skipping...
Value getNavigationTheme is a simple assignment, skipping...
Value getThemeColors is already using useMemo, skipping...
Value resolveTheme is already using useMemo, skipping...
[warn] jsxBracketSameLine is deprecated.
[error] atomic/molecules/themeContext.js: SyntaxError: Unexpected token (30:9)
[error]   28 |
[error]   29 |
[error] > 30 |         ...DarkTheme.colors,
[error]      |         ^
[error]   31 |         background: Colors.dark.background,
[error]   32 |         border: Colors.dark.border,
[error]   33 |         card: Colors.dark.card,
Optimizing imports in atomic/molecules/themeContext.js...
[warn] jsxBracketSameLine is deprecated.
[error] atomic/molecules/themeContext.js: SyntaxError: Unexpected token (30:9)
[error]   28 |
[error]   29 |
[error] > 30 |         ...DarkTheme.colors,
[error]      |         ^
[error]   31 |         background: Colors.dark.background,
[error]   32 |         border: Colors.dark.border,
[error]   33 |         card: Colors.dark.card,
Component themeContext is not a class component, skipping...
Component environmentValidator is not a functional component, skipping...
File atomic/molecules/environmentValidator.js is not a React component, skipping...
File atomic/molecules/environmentValidator.js is not a React component, skipping...
Optimizing imports in atomic/molecules/environmentValidator.js...
[warn] jsxBracketSameLine is deprecated.
[error] atomic/molecules/environmentValidator.js: SyntaxError: Unexpected token, expected "," (8:8)
[error]    6 |
[error]    7 | // Internal imports
[error] >  8 | import { isDevelopment } from '../atoms/envConfig';
[error]      |        ^
[error]    9 | import { validateConfig } from '../atoms/envConfig';
[error]   10 |
[error]   11 |
Component environmentValidator is not a class component, skipping...
Optimizing organisms...
Component monitoringService is not a functional component, skipping...
File atomic/organisms/monitoringService.js is not a React component, skipping...
File atomic/organisms/monitoringService.js is not a React component, skipping...
Optimizing imports in atomic/organisms/monitoringService.js...
[warn] jsxBracketSameLine is deprecated.
[error] atomic/organisms/monitoringService.js: SyntaxError: Unexpected token, expected "," (5:8)
[error]   3 |
[error]   4 | import {
[error] > 5 | import {
[error]     |        ^
[error]   6 | import {
[error]   7 | import {
[error]   8 |
Component monitoringService is not a class component, skipping...
Component firebaseService is not a functional component, skipping...
File atomic/organisms/firebaseService.js is not a React component, skipping...
File atomic/organisms/firebaseService.js is not a React component, skipping...
Optimizing imports in atomic/organisms/firebaseService.js...
[warn] jsxBracketSameLine is deprecated.
[error] atomic/organisms/firebaseService.js: SyntaxError: Unexpected token, expected "," (5:8)
[error]   3 |
[error]   4 | import {
[error] > 5 | import {
[error]     |        ^
[error]   6 |
[error]   7 |
[error]   8 | // Internal imports
Component firebaseService is not a class component, skipping...
Component themeProvider is not a functional component, skipping...
Adding useCallback to event handlers in atomic/organisms/themeProvider.js...
[warn] jsxBracketSameLine is deprecated.
[error] atomic/organisms/themeProvider.js: SyntaxError: Unexpected token, expected "," (32:24)
[error]   30 |
[error]   31 |
[error] > 32 |           setThemeState(savedTheme);
[error]      |                        ^
[error]   33 |         // If system, switch to the opposite of the effective theme
[error]   34 |         // Otherwise toggle between light and dark
[error]   35 |         await AsyncStorage.setItem(THEME_STORAGE_KEY, theme);
Adding useMemo for computed values in atomic/organisms/themeProvider.js...
Value savedTheme is a simple assignment, skipping...
Value loadThemePreference is a simple assignment, skipping...
Value saveThemePreference is a simple assignment, skipping...
Value deviceTheme is a simple assignment, skipping...
Value effectiveTheme is already using useMemo, skipping...
Value withTheme is a simple assignment, skipping...
[warn] jsxBracketSameLine is deprecated.
[error] atomic/organisms/themeProvider.js: SyntaxError: Unexpected token, expected "," (32:24)
[error]   30 |
[error]   31 |
[error] > 32 |           setThemeState(savedTheme);
[error]      |                        ^
[error]   33 |         // If system, switch to the opposite of the effective theme
[error]   34 |         // Otherwise toggle between light and dark
[error]   35 |         await AsyncStorage.setItem(THEME_STORAGE_KEY, theme);
Optimizing imports in atomic/organisms/themeProvider.js...
[warn] jsxBracketSameLine is deprecated.
[error] atomic/organisms/themeProvider.js: SyntaxError: Unexpected token, expected "," (32:24)
[error]   30 |
[error]   31 |
[error] > 32 |           setThemeState(savedTheme);
[error]      |                        ^
[error]   33 |         // If system, switch to the opposite of the effective theme
[error]   34 |         // Otherwise toggle between light and dark
[error]   35 |         await AsyncStorage.setItem(THEME_STORAGE_KEY, theme);
Component themeProvider is not a class component, skipping...
Component index is not a functional component, skipping...
File atomic/organisms/index.js is not a React component, skipping...
File atomic/organisms/index.js is not a React component, skipping...
Optimizing imports in atomic/organisms/index.js...
[warn] jsxBracketSameLine is deprecated.
[error] atomic/organisms/index.js: SyntaxError: Unexpected token (12:2)
[error]   10 |
[error]   11 |
[error] > 12 |  *
[error]      |  ^
[error]   13 |  * Organisms Index
[error]   14 |  * This file exports all organism components for easier imports.
[error]   15 |  */
Component index is not a class component, skipping...
Component environmentBootstrap is not a functional component, skipping...
File atomic/organisms/environmentBootstrap.js is not a React component, skipping...
File atomic/organisms/environmentBootstrap.js is not a React component, skipping...
Optimizing imports in atomic/organisms/environmentBootstrap.js...
[warn] jsxBracketSameLine is deprecated.
[error] atomic/organisms/environmentBootstrap.js: SyntaxError: Unexpected token, expected "," (5:8)
[error]   3 |
[error]   4 | import {
[error] > 5 | import {
[error]     |        ^
[error]   6 |
[error]   7 |
[error]   8 | // Internal imports
Component environmentBootstrap is not a class component, skipping...
Optimizing templates...
Adding React.memo to MainLayout...
[warn] jsxBracketSameLine is deprecated.
[error] atomic/templates/MainLayout.js: SyntaxError: Unexpected token (28:9)
[error]   26 |
[error]   27 |           {contentComponent}
[error] > 28 |         : 'dark-content'
[error]      |         ^
[error]   29 |         : 'dark-content';
[error]   30 |         </ScrollView>
[error]   31 |         <ScrollView style={styles.scrollView} contentContainerStyle={styles.scrollViewContent}>
Adding useCallback to event handlers in atomic/templates/MainLayout.js...
[warn] jsxBracketSameLine is deprecated.
[error] atomic/templates/MainLayout.js: SyntaxError: Unexpected token (28:9)
[error]   26 |
[error]   27 |           {contentComponent}
[error] > 28 |         : 'dark-content'
[error]      |         ^
[error]   29 |         : 'dark-content';
[error]   30 |         </ScrollView>
[error]   31 |         <ScrollView style={styles.scrollView} contentContainerStyle={styles.scrollViewContent}>
Adding useMemo for computed values in atomic/templates/MainLayout.js...
Value renderContent is already using useMemo, skipping...
Value themedStyles is already using useMemo, skipping...
Value styles is a simple assignment, skipping...
[warn] jsxBracketSameLine is deprecated.
[error] atomic/templates/MainLayout.js: SyntaxError: Unexpected token (28:9)
[error]   26 |
[error]   27 |           {contentComponent}
[error] > 28 |         : 'dark-content'
[error]      |         ^
[error]   29 |         : 'dark-content';
[error]   30 |         </ScrollView>
[error]   31 |         <ScrollView style={styles.scrollView} contentContainerStyle={styles.scrollViewContent}>
Optimizing imports in atomic/templates/MainLayout.js...
[warn] jsxBracketSameLine is deprecated.
[error] atomic/templates/MainLayout.js: SyntaxError: Unexpected token (28:9)
[error]   26 |
[error]   27 |           {contentComponent}
[error] > 28 |         : 'dark-content'
[error]      |         ^
[error]   29 |         : 'dark-content';
[error]   30 |         </ScrollView>
[error]   31 |         <ScrollView style={styles.scrollView} contentContainerStyle={styles.scrollViewContent}>
Component MainLayout is not a class component, skipping...
Component index is not a functional component, skipping...
File atomic/templates/index.js is not a React component, skipping...
File atomic/templates/index.js is not a React component, skipping...
Optimizing imports in atomic/templates/index.js...
[warn] jsxBracketSameLine is deprecated.
[error] atomic/templates/index.js: SyntaxError: Unexpected token (9:2)
[error]    7 |
[error]    8 |
[error] >  9 |  *
[error]      |  ^
[error]   10 |  * Templates Index
[error]   11 |  * This file exports all template components for easier imports.
[error]   12 |  */
Component index is not a class component, skipping...
Optimizing pages...
Component index is not a functional component, skipping...
File atomic/pages/index.js is not a React component, skipping...
File atomic/pages/index.js is not a React component, skipping...
Optimizing imports in atomic/pages/index.js...
[warn] jsxBracketSameLine is deprecated.
[error] atomic/pages/index.js: SyntaxError: Unexpected token (9:2)
[error]    7 |
[error]    8 |
[error] >  9 |  *
[error]      |  ^
[error]   10 |  * Pages Index
[error]   11 |  * This file exports all page components for easier imports.
[error]   12 |  */
Component index is not a class component, skipping...
Adding lazy loading to index...
[warn] jsxBracketSameLine is deprecated.
atomic/pages/index.js.lazy.js 17ms (unchanged)
Adding React.memo to LoginScreen...
[warn] jsxBracketSameLine is deprecated.
[error] atomic/pages/LoginScreen.js: SyntaxError: Unexpected token (52:16)
[error]   50 |                 {t('download.appStore')}
[error]   51 |                 {t('download.playStore')}
[error] > 52 |               </Text>
[error]      |                ^
[error]   53 |               </Text>
[error]   54 |               <Text style={[styles.storeButtonText, { color: colors.onPrimary }]}>
[error]   55 |               <Text style={[styles.storeButtonText, { color: colors.onPrimary }]}>
Adding useCallback to event handlers in atomic/pages/LoginScreen.js...
[warn] jsxBracketSameLine is deprecated.
[error] atomic/pages/LoginScreen.js: SyntaxError: Unexpected token (52:16)
[error]   50 |                 {t('download.appStore')}
[error]   51 |                 {t('download.playStore')}
[error] > 52 |               </Text>
[error]      |                ^
[error]   53 |               </Text>
[error]   54 |               <Text style={[styles.storeButtonText, { color: colors.onPrimary }]}>
[error]   55 |               <Text style={[styles.storeButtonText, { color: colors.onPrimary }]}>
Adding useMemo for computed values in atomic/pages/LoginScreen.js...
Value shouldShow is a simple assignment, skipping...
Value userId is a simple assignment, skipping...
Value checkDownloadPrompt is a simple assignment, skipping...
Value userId is a simple assignment, skipping...
Value emailRegex is a simple assignment, skipping...
Value userId is a simple assignment, skipping...
Value navigation is a simple assignment, skipping...
Value styles is a simple assignment, skipping...
[warn] jsxBracketSameLine is deprecated.
[error] atomic/pages/LoginScreen.js: SyntaxError: Unexpected token (52:16)
[error]   50 |                 {t('download.appStore')}
[error]   51 |                 {t('download.playStore')}
[error] > 52 |               </Text>
[error]      |                ^
[error]   53 |               </Text>
[error]   54 |               <Text style={[styles.storeButtonText, { color: colors.onPrimary }]}>
[error]   55 |               <Text style={[styles.storeButtonText, { color: colors.onPrimary }]}>
Optimizing imports in atomic/pages/LoginScreen.js...
[warn] jsxBracketSameLine is deprecated.
[error] atomic/pages/LoginScreen.js: SyntaxError: Unexpected token (52:16)
[error]   50 |                 {t('download.appStore')}
[error]   51 |                 {t('download.playStore')}
[error] > 52 |               </Text>
[error]      |                ^
[error]   53 |               </Text>
[error]   54 |               <Text style={[styles.storeButtonText, { color: colors.onPrimary }]}>
[error]   55 |               <Text style={[styles.storeButtonText, { color: colors.onPrimary }]}>
Component LoginScreen is not a class component, skipping...
Adding lazy loading to LoginScreen...
[warn] jsxBracketSameLine is deprecated.
atomic/pages/LoginScreen.js.lazy.js 18ms (unchanged)
Adding React.memo to HomePage...
[warn] jsxBracketSameLine is deprecated.
[error] atomic/pages/HomePage.js: SyntaxError: Unexpected token (40:48)
[error]   38 |
[error]   39 |
[error] > 40 |                     {recommendation.confidence}%
[error]      |                                                ^
[error]   41 |                   </Text>
[error]   42 |                   <Text style={[styles.recommendationBadgeText, { color: colors.onSecondary }]}>
[error]   43 |                   {game.subtitle}
Adding useCallback to event handlers in atomic/pages/HomePage.js...
[warn] jsxBracketSameLine is deprecated.
[error] atomic/pages/HomePage.js: SyntaxError: Unexpected token (40:48)
[error]   38 |
[error]   39 |
[error] > 40 |                     {recommendation.confidence}%
[error]      |                                                ^
[error]   41 |                   </Text>
[error]   42 |                   <Text style={[styles.recommendationBadgeText, { color: colors.onSecondary }]}>
[error]   43 |                   {game.subtitle}
Adding useMemo for computed values in atomic/pages/HomePage.js...
Value recommendationsData is a simple assignment, skipping...
Value featuredData is a simple assignment, skipping...
Value gamesData is a simple assignment, skipping...
Value user is a simple assignment, skipping...
Value fetchData is a simple assignment, skipping...
Value navigation is a simple assignment, skipping...
Value renderGames is already using useMemo, skipping...
Value styles is a simple assignment, skipping...
[warn] jsxBracketSameLine is deprecated.
[error] atomic/pages/HomePage.js: SyntaxError: Unexpected token (40:48)
[error]   38 |
[error]   39 |
[error] > 40 |                     {recommendation.confidence}%
[error]      |                                                ^
[error]   41 |                   </Text>
[error]   42 |                   <Text style={[styles.recommendationBadgeText, { color: colors.onSecondary }]}>
[error]   43 |                   {game.subtitle}
Optimizing imports in atomic/pages/HomePage.js...
[warn] jsxBracketSameLine is deprecated.
[error] atomic/pages/HomePage.js: SyntaxError: Unexpected token (40:48)
[error]   38 |
[error]   39 |
[error] > 40 |                     {recommendation.confidence}%
[error]      |                                                ^
[error]   41 |                   </Text>
[error]   42 |                   <Text style={[styles.recommendationBadgeText, { color: colors.onSecondary }]}>
[error]   43 |                   {game.subtitle}
Component HomePage is not a class component, skipping...
Adding lazy loading to HomePage...
[warn] jsxBracketSameLine is deprecated.
atomic/pages/HomePage.js.lazy.js 18ms (unchanged)
Adding React.memo to SignupPage...
[warn] jsxBracketSameLine is deprecated.
[error] atomic/pages/SignupPage.js: SyntaxError: Unexpected token (37:30)
[error]   35 |
[error]   36 |               backgroundColor: colors.surface,
[error] > 37 |               backgroundColor: colors.surface,
[error]      |                              ^
[error]   38 |               backgroundColor: colors.surface,
[error]   39 |               borderColor: colors.border,
[error]   40 |               borderColor: colors.border,
Adding useCallback to event handlers in atomic/pages/SignupPage.js...
[warn] jsxBracketSameLine is deprecated.
[error] atomic/pages/SignupPage.js: SyntaxError: Unexpected token (37:30)
[error]   35 |
[error]   36 |               backgroundColor: colors.surface,
[error] > 37 |               backgroundColor: colors.surface,
[error]      |                              ^
[error]   38 |               backgroundColor: colors.surface,
[error]   39 |               borderColor: colors.border,
[error]   40 |               borderColor: colors.border,
Adding useMemo for computed values in atomic/pages/SignupPage.js...
Value navigation is a simple assignment, skipping...
Value styles is a simple assignment, skipping...
[warn] jsxBracketSameLine is deprecated.
[error] atomic/pages/SignupPage.js: SyntaxError: Unexpected token (37:30)
[error]   35 |
[error]   36 |               backgroundColor: colors.surface,
[error] > 37 |               backgroundColor: colors.surface,
[error]      |                              ^
[error]   38 |               backgroundColor: colors.surface,
[error]   39 |               borderColor: colors.border,
[error]   40 |               borderColor: colors.border,
Optimizing imports in atomic/pages/SignupPage.js...
[warn] jsxBracketSameLine is deprecated.
[error] atomic/pages/SignupPage.js: SyntaxError: Unexpected token (37:30)
[error]   35 |
[error]   36 |               backgroundColor: colors.surface,
[error] > 37 |               backgroundColor: colors.surface,
[error]      |                              ^
[error]   38 |               backgroundColor: colors.surface,
[error]   39 |               borderColor: colors.border,
[error]   40 |               borderColor: colors.border,
Component SignupPage is not a class component, skipping...
Adding lazy loading to SignupPage...
[warn] jsxBracketSameLine is deprecated.
atomic/pages/SignupPage.js.lazy.js 18ms (unchanged)
Adding React.memo to ForgotPasswordPage...
[warn] jsxBracketSameLine is deprecated.
[error] atomic/pages/ForgotPasswordPage.js: SyntaxError: Unexpected token (35:26)
[error]   33 |
[error]   34 |               backgroundColor: colors.surface,
[error] > 35 |               borderColor: colors.border,
[error]      |                          ^
[error]   36 |               color: colors.text,
[error]   37 |             styles.input,
[error]   38 |             {
Adding useCallback to event handlers in atomic/pages/ForgotPasswordPage.js...
[warn] jsxBracketSameLine is deprecated.
[error] atomic/pages/ForgotPasswordPage.js: SyntaxError: Unexpected token (35:26)
[error]   33 |
[error]   34 |               backgroundColor: colors.surface,
[error] > 35 |               borderColor: colors.border,
[error]      |                          ^
[error]   36 |               color: colors.text,
[error]   37 |             styles.input,
[error]   38 |             {
Adding useMemo for computed values in atomic/pages/ForgotPasswordPage.js...
Value navigation is a simple assignment, skipping...
Value styles is a simple assignment, skipping...
[warn] jsxBracketSameLine is deprecated.
[error] atomic/pages/ForgotPasswordPage.js: SyntaxError: Unexpected token (35:26)
[error]   33 |
[error]   34 |               backgroundColor: colors.surface,
[error] > 35 |               borderColor: colors.border,
[error]      |                          ^
[error]   36 |               color: colors.text,
[error]   37 |             styles.input,
[error]   38 |             {
Optimizing imports in atomic/pages/ForgotPasswordPage.js...
[warn] jsxBracketSameLine is deprecated.
[error] atomic/pages/ForgotPasswordPage.js: SyntaxError: Unexpected token (35:26)
[error]   33 |
[error]   34 |               backgroundColor: colors.surface,
[error] > 35 |               borderColor: colors.border,
[error]      |                          ^
[error]   36 |               color: colors.text,
[error]   37 |             styles.input,
[error]   38 |             {
Component ForgotPasswordPage is not a class component, skipping...
Adding lazy loading to ForgotPasswordPage...
[warn] jsxBracketSameLine is deprecated.
atomic/pages/ForgotPasswordPage.js.lazy.js 19ms (unchanged)
Running ESLint to fix any issues...
Need to install the following packages:
eslint@9.25.1
Ok to proceed? (y) 