# Firebase Migration Log
Started at Tue May 13 04:02:10 UTC 2025
Configuration:
  Batch Size: 5
  Max Batches: 1000

2025-05-13 04:02:10 - Scheduling 8 AM summary report generation in 238 minutes
2025-05-13 04:02:10 - 'at' command not available, using sleep instead
2025-05-13 04:02:10 - Summary report scheduled with sleep (PID: 5248)
2025-05-13 04:02:10 - Initial migration status: 165/532 (31%)
2025-05-13 04:02:10 - Starting Firebase migration with batch size 5...
2025-05-13 04:02:10 - Migration process started with PID: 5263
2025-05-13 04:02:10 - Migration will continue running until completion
2025-05-13 04:02:11 - A summary report will be generated at 8:00 AM
[0;32mStarting overnight Firebase migration...[0m
[0;34mInitial migration status: 165/532 (31%)[0m
[0;34mRunning accelerated migration with batch size 5 and max batches 1000...[0m
[0;32mAccelerated migration completed[0m
[0;34mUpdating memory bank...[0m
[0;32mMemory bank updated via update-firebase-migration-status.sh[0m
[0;32mMemory bank checkpoint created[0m
[0;34mFinal migration status: / (%)[0m
[0;34mCreating summary report...[0m
[0;32mSummary report created at status/overnight-migration/overnight-migration-summary-20250513040211.md[0m
[0;32mOvernight migration process completed![0m

\033[0;32m========================================================\033[0m
\033[0;32m  Overnight Firebase Migration Completed!              \033[0m
\033[0;32m========================================================\033[0m

\033[0;34mInitial Status:\033[0m 165/532 (31%)
\033[0;34mFinal Status:\033[0m / (%)

\033[1;33mNext Steps:\033[0m
1. Review the summary report at:
   status/overnight-migration/overnight-migration-summary-20250513040211.md
2. Check the detailed log at:
   status/overnight-migration/overnight-migration-20250513040211.log
3. Run the diagnostic summary script:
   ./scripts/display-diagnostic-summary.sh

To continue automated migration tomorrow night, run:
./scripts/overnight-firebase-migration.sh --batch-size=5 --max-batches=1000

2025-05-13 09:05:45 - Created 8 AM summary report at status/overnight-migration/migration-summary-8am-20250513040210.md
