# Overnight Firebase Migration Log
Started at Tue May 13 03:45:08 PM UTC 2025
Configuration:
  Batch Size: 5
  Max Batches: 1000

2025-05-13 15:45:08 - Starting overnight Firebase migration...
2025-05-13 15:45:08 - Initial migration status: / (%)
2025-05-13 15:45:08 - Running accelerated migration with batch size 5 and max batches 1000...
[0;32mStarting accelerated Firebase migration...[0m
[0;34mIdentifying files that need migration...[0m
[0;34mFound 186 total Firebase files[0m
[0;32m188 files already migrated[0m
[1;33m0 files still need migration[0m
[0;32mNo files need migration. All done![0m
Migration complete, no more files to migrate.
2025-05-13 15:45:53 - Accelerated migration completed
2025-05-13 15:45:53 - Updating memory bank...
[0;34mStarting Firebase migration status update...[0m
[0;34mScanning for migrated files...[0m
[0;32mFound 188 migrated files[0m
[0;34mScanning for pending files...[0m
[1;33mFound 0 pending files[0m
[0;34mUpdating migration status JSON...[0m
[0;32mMigration status JSON updated[0m
[0;34mUpdating active context...[0m
[0;32mActive context updated[0m
[0;34mUpdating progress file...[0m
[0;32mProgress file updated[0m
[0;32mFirebase migration status update completed[0m
2025-05-13 15:46:31 - Memory bank updated via update-firebase-migration-status.sh
[0;34m[INFO][0m Creating checkpoint...
./scripts/maintain-context.sh: line 66: node: command not found
[0;31m[ERROR][0m Failed to create checkpoint
2025-05-13 15:46:31 - Memory bank checkpoint created
2025-05-13 15:46:31 - Final migration status: / (%)
2025-05-13 15:46:31 - Creating summary report...
2025-05-13 15:46:31 - Summary report created at status/overnight-migration/overnight-migration-summary-20250513154508.md
2025-05-13 15:46:31 - Overnight migration process completed!
