🔄 Saving context at Tue May 13 18:04:48 UTC 2025
Running update-memory-bank.js...
scripts/save-context.sh: line 15: node: command not found
Memory bank update completed at Tue May 13 18:04:48 UTC 2025
✅ Context save completed
-------------------------------------------
🔄 Fallback context save at Tue May 13 18:14:13 UTC 2025
Updated timestamp in /workspaces/ai-sports-edge/memory-bank/README.md
Updated timestamp in /workspaces/ai-sports-edge/memory-bank/activeContext.md
Updated timestamp in /workspaces/ai-sports-edge/memory-bank/ai-features-implementation-summary.md
Updated timestamp in /workspaces/ai-sports-edge/memory-bank/ai-pick-of-day-implementation-plan.md
Updated timestamp in /workspaces/ai-sports-edge/memory-bank/ai-pick-of-day-implementation.md
Updated timestamp in /workspaces/ai-sports-edge/memory-bank/ai-sports-edge-features-architecture.md
Updated timestamp in /workspaces/ai-sports-edge/memory-bank/api-key-security-implementation.md
Updated timestamp in /workspaces/ai-sports-edge/memory-bank/atomic-architecture-memory.md
Updated timestamp in /workspaces/ai-sports-edge/memory-bank/combined-architecture-with-optimizations.md
Updated timestamp in /workspaces/ai-sports-edge/memory-bank/comprehensive-ai-sports-edge-plan.md
Updated timestamp in /workspaces/ai-sports-edge/memory-bank/comprehensive-deployment-plan.md
Updated timestamp in /workspaces/ai-sports-edge/memory-bank/csp-integrity-fix.md
Updated timestamp in /workspaces/ai-sports-edge/memory-bank/decisionLog.md
Updated timestamp in /workspaces/ai-sports-edge/memory-bank/firebase-api-key-fix.md
Updated timestamp in /workspaces/ai-sports-edge/memory-bank/firebase-auth-debugging-summary.md
Updated timestamp in /workspaces/ai-sports-edge/memory-bank/firebase-optimization-strategies.md
Updated timestamp in /workspaces/ai-sports-edge/memory-bank/firebase-write-optimization-strategies.md
Updated timestamp in /workspaces/ai-sports-edge/memory-bank/momentum-engine-implementation-plan.md
Updated timestamp in /workspaces/ai-sports-edge/memory-bank/phased-implementation-plan.md
Updated timestamp in /workspaces/ai-sports-edge/memory-bank/post-signup-onboarding-architecture.md
Updated timestamp in /workspaces/ai-sports-edge/memory-bank/productContext.md
Updated timestamp in /workspaces/ai-sports-edge/memory-bank/progress-cleanup-report.md
Updated timestamp in /workspaces/ai-sports-edge/memory-bank/progress.md
Updated timestamp in /workspaces/ai-sports-edge/memory-bank/retro-tagging-log.md
Updated timestamp in /workspaces/ai-sports-edge/memory-bank/service-worker-disabled.md
Updated timestamp in /workspaces/ai-sports-edge/memory-bank/sftp-deployment-standardization.md
Updated timestamp in /workspaces/ai-sports-edge/memory-bank/signup-process-improvements.md
Updated timestamp in /workspaces/ai-sports-edge/memory-bank/systemPatterns.md
Updated timestamp in /workspaces/ai-sports-edge/memory-bank/theme-toggle-implementation.md
Updated timestamp in /workspaces/ai-sports-edge/memory-bank/x-frame-options-fix.md
Created .last-update file
Created new migration status file
✅ Fallback context save completed
🔍 Verifying context saving systems at Tue May 13 18:19:30 UTC 2025
❌ Primary system (Node.js): NOT AVAILABLE
✅ Fallback system: AVAILABLE
❌ Cron service: NOT AVAILABLE
✅ System verification completed
🔄 Primary system unavailable, running fallback...
🔄 Fallback context save at Tue May 13 18:19:30 UTC 2025
Updated timestamp in /workspaces/ai-sports-edge/memory-bank/README.md
Updated timestamp in /workspaces/ai-sports-edge/memory-bank/activeContext.md
Updated timestamp in /workspaces/ai-sports-edge/memory-bank/ai-features-implementation-summary.md
Updated timestamp in /workspaces/ai-sports-edge/memory-bank/ai-pick-of-day-implementation-plan.md
Updated timestamp in /workspaces/ai-sports-edge/memory-bank/ai-pick-of-day-implementation.md
Updated timestamp in /workspaces/ai-sports-edge/memory-bank/ai-sports-edge-features-architecture.md
Updated timestamp in /workspaces/ai-sports-edge/memory-bank/api-key-security-implementation.md
Updated timestamp in /workspaces/ai-sports-edge/memory-bank/atomic-architecture-memory.md
Updated timestamp in /workspaces/ai-sports-edge/memory-bank/combined-architecture-with-optimizations.md
Updated timestamp in /workspaces/ai-sports-edge/memory-bank/comprehensive-ai-sports-edge-plan.md
Updated timestamp in /workspaces/ai-sports-edge/memory-bank/comprehensive-deployment-plan.md
Updated timestamp in /workspaces/ai-sports-edge/memory-bank/csp-integrity-fix.md
Updated timestamp in /workspaces/ai-sports-edge/memory-bank/decisionLog.md
Updated timestamp in /workspaces/ai-sports-edge/memory-bank/firebase-api-key-fix.md
Updated timestamp in /workspaces/ai-sports-edge/memory-bank/firebase-auth-debugging-summary.md
Updated timestamp in /workspaces/ai-sports-edge/memory-bank/firebase-optimization-strategies.md
Updated timestamp in /workspaces/ai-sports-edge/memory-bank/firebase-write-optimization-strategies.md
Updated timestamp in /workspaces/ai-sports-edge/memory-bank/momentum-engine-implementation-plan.md
Updated timestamp in /workspaces/ai-sports-edge/memory-bank/phased-implementation-plan.md
Updated timestamp in /workspaces/ai-sports-edge/memory-bank/post-signup-onboarding-architecture.md
Updated timestamp in /workspaces/ai-sports-edge/memory-bank/productContext.md
Updated timestamp in /workspaces/ai-sports-edge/memory-bank/progress-cleanup-report.md
Updated timestamp in /workspaces/ai-sports-edge/memory-bank/progress.md
Updated timestamp in /workspaces/ai-sports-edge/memory-bank/retro-tagging-log.md
Updated timestamp in /workspaces/ai-sports-edge/memory-bank/service-worker-disabled.md
Updated timestamp in /workspaces/ai-sports-edge/memory-bank/sftp-deployment-standardization.md
Updated timestamp in /workspaces/ai-sports-edge/memory-bank/signup-process-improvements.md
Updated timestamp in /workspaces/ai-sports-edge/memory-bank/systemPatterns.md
Updated timestamp in /workspaces/ai-sports-edge/memory-bank/theme-toggle-implementation.md
Updated timestamp in /workspaces/ai-sports-edge/memory-bank/x-frame-options-fix.md
Created .last-update file
Updated migration status timestamp
✅ Fallback context save completed
🔍 Verifying context saving systems at Tue May 13 18:21:42 UTC 2025
❌ Primary system (Node.js): NOT AVAILABLE
✅ Fallback system: AVAILABLE
❌ Cron service: NOT AVAILABLE
✅ System verification completed
🔄 Primary system unavailable, running fallback...
🔄 Fallback context save at Tue May 13 18:21:42 UTC 2025
Updated timestamp in /workspaces/ai-sports-edge/memory-bank/README.md
Updated timestamp in /workspaces/ai-sports-edge/memory-bank/activeContext.md
Updated timestamp in /workspaces/ai-sports-edge/memory-bank/ai-features-implementation-summary.md
Updated timestamp in /workspaces/ai-sports-edge/memory-bank/ai-pick-of-day-implementation-plan.md
Updated timestamp in /workspaces/ai-sports-edge/memory-bank/ai-pick-of-day-implementation.md
Updated timestamp in /workspaces/ai-sports-edge/memory-bank/ai-sports-edge-features-architecture.md
Updated timestamp in /workspaces/ai-sports-edge/memory-bank/api-key-security-implementation.md
Updated timestamp in /workspaces/ai-sports-edge/memory-bank/atomic-architecture-memory.md
Updated timestamp in /workspaces/ai-sports-edge/memory-bank/combined-architecture-with-optimizations.md
Updated timestamp in /workspaces/ai-sports-edge/memory-bank/comprehensive-ai-sports-edge-plan.md
Updated timestamp in /workspaces/ai-sports-edge/memory-bank/comprehensive-deployment-plan.md
Updated timestamp in /workspaces/ai-sports-edge/memory-bank/csp-integrity-fix.md
Updated timestamp in /workspaces/ai-sports-edge/memory-bank/decisionLog.md
Updated timestamp in /workspaces/ai-sports-edge/memory-bank/firebase-api-key-fix.md
Updated timestamp in /workspaces/ai-sports-edge/memory-bank/firebase-auth-debugging-summary.md
Updated timestamp in /workspaces/ai-sports-edge/memory-bank/firebase-optimization-strategies.md
Updated timestamp in /workspaces/ai-sports-edge/memory-bank/firebase-write-optimization-strategies.md
Updated timestamp in /workspaces/ai-sports-edge/memory-bank/momentum-engine-implementation-plan.md
Updated timestamp in /workspaces/ai-sports-edge/memory-bank/phased-implementation-plan.md
Updated timestamp in /workspaces/ai-sports-edge/memory-bank/post-signup-onboarding-architecture.md
Updated timestamp in /workspaces/ai-sports-edge/memory-bank/productContext.md
Updated timestamp in /workspaces/ai-sports-edge/memory-bank/progress-cleanup-report.md
Updated timestamp in /workspaces/ai-sports-edge/memory-bank/progress.md
Updated timestamp in /workspaces/ai-sports-edge/memory-bank/retro-tagging-log.md
Updated timestamp in /workspaces/ai-sports-edge/memory-bank/service-worker-disabled.md
Updated timestamp in /workspaces/ai-sports-edge/memory-bank/sftp-deployment-standardization.md
Updated timestamp in /workspaces/ai-sports-edge/memory-bank/signup-process-improvements.md
Updated timestamp in /workspaces/ai-sports-edge/memory-bank/systemPatterns.md
Updated timestamp in /workspaces/ai-sports-edge/memory-bank/theme-toggle-implementation.md
Updated timestamp in /workspaces/ai-sports-edge/memory-bank/x-frame-options-fix.md
Created .last-update file
Updated migration status timestamp
✅ Fallback context save completed
🔄 Fallback context save at Tue May 13 18:22:54 UTC 2025
Updated timestamp in /workspaces/ai-sports-edge/memory-bank/README.md
Updated timestamp in /workspaces/ai-sports-edge/memory-bank/activeContext.md
Updated timestamp in /workspaces/ai-sports-edge/memory-bank/ai-features-implementation-summary.md
Updated timestamp in /workspaces/ai-sports-edge/memory-bank/ai-pick-of-day-implementation-plan.md
Updated timestamp in /workspaces/ai-sports-edge/memory-bank/ai-pick-of-day-implementation.md
Updated timestamp in /workspaces/ai-sports-edge/memory-bank/ai-sports-edge-features-architecture.md
Updated timestamp in /workspaces/ai-sports-edge/memory-bank/api-key-security-implementation.md
Updated timestamp in /workspaces/ai-sports-edge/memory-bank/atomic-architecture-memory.md
Updated timestamp in /workspaces/ai-sports-edge/memory-bank/combined-architecture-with-optimizations.md
Updated timestamp in /workspaces/ai-sports-edge/memory-bank/comprehensive-ai-sports-edge-plan.md
Updated timestamp in /workspaces/ai-sports-edge/memory-bank/comprehensive-deployment-plan.md
Updated timestamp in /workspaces/ai-sports-edge/memory-bank/csp-integrity-fix.md
Updated timestamp in /workspaces/ai-sports-edge/memory-bank/decisionLog.md
Updated timestamp in /workspaces/ai-sports-edge/memory-bank/firebase-api-key-fix.md
Updated timestamp in /workspaces/ai-sports-edge/memory-bank/firebase-auth-debugging-summary.md
Updated timestamp in /workspaces/ai-sports-edge/memory-bank/firebase-optimization-strategies.md
Updated timestamp in /workspaces/ai-sports-edge/memory-bank/firebase-write-optimization-strategies.md
Updated timestamp in /workspaces/ai-sports-edge/memory-bank/momentum-engine-implementation-plan.md
Updated timestamp in /workspaces/ai-sports-edge/memory-bank/phased-implementation-plan.md
Updated timestamp in /workspaces/ai-sports-edge/memory-bank/post-signup-onboarding-architecture.md
Updated timestamp in /workspaces/ai-sports-edge/memory-bank/productContext.md
Updated timestamp in /workspaces/ai-sports-edge/memory-bank/progress-cleanup-report.md
Updated timestamp in /workspaces/ai-sports-edge/memory-bank/progress.md
Updated timestamp in /workspaces/ai-sports-edge/memory-bank/retro-tagging-log.md
Updated timestamp in /workspaces/ai-sports-edge/memory-bank/service-worker-disabled.md
Updated timestamp in /workspaces/ai-sports-edge/memory-bank/sftp-deployment-standardization.md
Updated timestamp in /workspaces/ai-sports-edge/memory-bank/signup-process-improvements.md
Updated timestamp in /workspaces/ai-sports-edge/memory-bank/systemPatterns.md
Updated timestamp in /workspaces/ai-sports-edge/memory-bank/theme-toggle-implementation.md
Updated timestamp in /workspaces/ai-sports-edge/memory-bank/x-frame-options-fix.md
Created .last-update file
Updated migration status timestamp
✅ Fallback context save completed
🔄 Fallback context save at Tue May 13 18:23:48 UTC 2025
Updated timestamp in /workspaces/ai-sports-edge/memory-bank/README.md
Updated timestamp in /workspaces/ai-sports-edge/memory-bank/activeContext.md
Updated timestamp in /workspaces/ai-sports-edge/memory-bank/ai-features-implementation-summary.md
Updated timestamp in /workspaces/ai-sports-edge/memory-bank/ai-pick-of-day-implementation-plan.md
Updated timestamp in /workspaces/ai-sports-edge/memory-bank/ai-pick-of-day-implementation.md
Updated timestamp in /workspaces/ai-sports-edge/memory-bank/ai-sports-edge-features-architecture.md
Updated timestamp in /workspaces/ai-sports-edge/memory-bank/api-key-security-implementation.md
Updated timestamp in /workspaces/ai-sports-edge/memory-bank/atomic-architecture-memory.md
Updated timestamp in /workspaces/ai-sports-edge/memory-bank/combined-architecture-with-optimizations.md
Updated timestamp in /workspaces/ai-sports-edge/memory-bank/comprehensive-ai-sports-edge-plan.md
Updated timestamp in /workspaces/ai-sports-edge/memory-bank/comprehensive-deployment-plan.md
Updated timestamp in /workspaces/ai-sports-edge/memory-bank/csp-integrity-fix.md
Updated timestamp in /workspaces/ai-sports-edge/memory-bank/decisionLog.md
Updated timestamp in /workspaces/ai-sports-edge/memory-bank/firebase-api-key-fix.md
Updated timestamp in /workspaces/ai-sports-edge/memory-bank/firebase-auth-debugging-summary.md
Updated timestamp in /workspaces/ai-sports-edge/memory-bank/firebase-optimization-strategies.md
Updated timestamp in /workspaces/ai-sports-edge/memory-bank/firebase-write-optimization-strategies.md
Updated timestamp in /workspaces/ai-sports-edge/memory-bank/momentum-engine-implementation-plan.md
Updated timestamp in /workspaces/ai-sports-edge/memory-bank/phased-implementation-plan.md
Updated timestamp in /workspaces/ai-sports-edge/memory-bank/post-signup-onboarding-architecture.md
Updated timestamp in /workspaces/ai-sports-edge/memory-bank/productContext.md
Updated timestamp in /workspaces/ai-sports-edge/memory-bank/progress-cleanup-report.md
Updated timestamp in /workspaces/ai-sports-edge/memory-bank/progress.md
Updated timestamp in /workspaces/ai-sports-edge/memory-bank/retro-tagging-log.md
Updated timestamp in /workspaces/ai-sports-edge/memory-bank/service-worker-disabled.md
Updated timestamp in /workspaces/ai-sports-edge/memory-bank/sftp-deployment-standardization.md
Updated timestamp in /workspaces/ai-sports-edge/memory-bank/signup-process-improvements.md
Updated timestamp in /workspaces/ai-sports-edge/memory-bank/systemPatterns.md
Updated timestamp in /workspaces/ai-sports-edge/memory-bank/theme-toggle-implementation.md
Updated timestamp in /workspaces/ai-sports-edge/memory-bank/x-frame-options-fix.md
Created .last-update file
Updated migration status timestamp
✅ Fallback context save completed
🔄 Saving context at Tue May 13 20:43:32 UTC 2025
Running update-memory-bank.js...
./scripts/save-context.sh: line 20: node: command not found
Node.js execution failed, falling back to bash solution...
🔄 Fallback context save at Tue May 13 20:43:32 UTC 2025
Updated timestamp in /workspaces/ai-sports-edge/memory-bank/README.md
Updated timestamp in /workspaces/ai-sports-edge/memory-bank/activeContext.md
Updated timestamp in /workspaces/ai-sports-edge/memory-bank/ai-features-implementation-summary.md
Updated timestamp in /workspaces/ai-sports-edge/memory-bank/ai-pick-of-day-implementation-plan.md
Updated timestamp in /workspaces/ai-sports-edge/memory-bank/ai-pick-of-day-implementation.md
Updated timestamp in /workspaces/ai-sports-edge/memory-bank/ai-sports-edge-features-architecture.md
Updated timestamp in /workspaces/ai-sports-edge/memory-bank/api-key-security-implementation.md
Updated timestamp in /workspaces/ai-sports-edge/memory-bank/app-history.md
Updated timestamp in /workspaces/ai-sports-edge/memory-bank/atomic-architecture-memory.md
Updated timestamp in /workspaces/ai-sports-edge/memory-bank/background-consolidation-authority.md
Updated timestamp in /workspaces/ai-sports-edge/memory-bank/combined-architecture-with-optimizations.md
Updated timestamp in /workspaces/ai-sports-edge/memory-bank/comprehensive-ai-sports-edge-plan.md
Updated timestamp in /workspaces/ai-sports-edge/memory-bank/comprehensive-deployment-plan.md
Updated timestamp in /workspaces/ai-sports-edge/memory-bank/consolidation-components-found.md
Updated timestamp in /workspaces/ai-sports-edge/memory-bank/consolidation-discovery-log.md
Updated timestamp in /workspaces/ai-sports-edge/memory-bank/csp-integrity-fix.md
Updated timestamp in /workspaces/ai-sports-edge/memory-bank/dashboard-components.md
Updated timestamp in /workspaces/ai-sports-edge/memory-bank/decisionLog.md
Updated timestamp in /workspaces/ai-sports-edge/memory-bank/firebase-api-key-fix.md
Updated timestamp in /workspaces/ai-sports-edge/memory-bank/firebase-auth-debugging-summary.md
Updated timestamp in /workspaces/ai-sports-edge/memory-bank/firebase-optimization-strategies.md
Updated timestamp in /workspaces/ai-sports-edge/memory-bank/firebase-write-optimization-strategies.md
Updated timestamp in /workspaces/ai-sports-edge/memory-bank/momentum-engine-implementation-plan.md
Updated timestamp in /workspaces/ai-sports-edge/memory-bank/phased-implementation-plan.md
Updated timestamp in /workspaces/ai-sports-edge/memory-bank/post-signup-onboarding-architecture.md
Updated timestamp in /workspaces/ai-sports-edge/memory-bank/productContext.md
Updated timestamp in /workspaces/ai-sports-edge/memory-bank/progress-cleanup-report.md
Updated timestamp in /workspaces/ai-sports-edge/memory-bank/progress.md
Updated timestamp in /workspaces/ai-sports-edge/memory-bank/retro-tagging-log.md
Updated timestamp in /workspaces/ai-sports-edge/memory-bank/service-worker-disabled.md
Updated timestamp in /workspaces/ai-sports-edge/memory-bank/sftp-deployment-standardization.md
Updated timestamp in /workspaces/ai-sports-edge/memory-bank/signup-process-improvements.md
Updated timestamp in /workspaces/ai-sports-edge/memory-bank/systemPatterns.md
Updated timestamp in /workspaces/ai-sports-edge/memory-bank/task-rolling-log.md
Updated timestamp in /workspaces/ai-sports-edge/memory-bank/theme-toggle-implementation.md
Updated timestamp in /workspaces/ai-sports-edge/memory-bank/x-frame-options-fix.md
Created .last-update file
Updated migration status timestamp
✅ Fallback context save completed
✅ Context save completed
-------------------------------------------
