[2025-05-14T00:11:50Z] Starting context checkpoint enforcement...
[2025-05-14T00:11:50Z] Ensuring Node.js is installed...
[0;33mnvm found but not in PATH, sourcing it...[0m
[0;32mNode.js v18.20.8 is installed and active.[0m
[0;32mnpm 10.8.2 is installed and active.[0m
[0;32mNode.js environment is ready.[0m
[2025-05-14T00:11:51.198Z] Starting context checkpoint enforcement...
[2025-05-14T00:11:51.204Z] Enforcing primary mode: cleaning-only
[2025-05-14T00:11:51.205Z] Setting cleaning-only mode: Only code cleanup and refactoring allowed
[2025-05-14T00:11:51.207Z] Enforcing behavior flags: no new file creation allowed, memory-bank consolidation active, format with Prettier after each save
[2025-05-14T00:11:51.208Z] Enforcing: No new file creation allowed
[2025-05-14T00:11:51.209Z] Enforcing: Memory bank consolidation active
[2025-05-14T00:11:51.209Z] Enforcing: Format with Prettier after each save
[2025-05-14T00:11:51.210Z] Context checkpoint enforcement completed successfully
[2025-05-14T00:11:51Z] Context checkpoint enforcement completed successfully
[2025-05-14T00:11:51Z] Context checkpoint system is ready
[2025-05-14T00:12:36Z] Starting context checkpoint enforcement...
[2025-05-14T00:12:36Z] Ensuring Node.js is installed...
[0;33mnvm found but not in PATH, sourcing it...[0m
[0;32mNode.js v18.20.8 is installed and active.[0m
[0;32mnpm 10.8.2 is installed and active.[0m
[0;32mNode.js environment is ready.[0m
[2025-05-14T00:12:36.199Z] Starting context checkpoint enforcement...
[2025-05-14T00:12:36.202Z] Enforcing primary mode: cleaning-only
[2025-05-14T00:12:36.203Z] Setting cleaning-only mode: Only code cleanup and refactoring allowed
[2025-05-14T00:12:36.203Z] Enforcing behavior flags: no new file creation allowed, memory-bank consolidation active, format with Prettier after each save
[2025-05-14T00:12:36.203Z] Enforcing: No new file creation allowed
[2025-05-14T00:12:36.204Z] Enforcing: Memory bank consolidation active
[2025-05-14T00:12:36.204Z] Enforcing: Format with Prettier after each save
[2025-05-14T00:12:36.204Z] Context checkpoint enforcement completed successfully
[2025-05-14T00:12:36Z] Context checkpoint enforcement completed successfully
[2025-05-14T00:12:36Z] Context checkpoint system is ready
[2025-05-14T16:57:22Z] Starting context checkpoint enforcement...
[2025-05-14T16:57:22Z] Ensuring Node.js is installed...
[0;33mnvm found but not in PATH, sourcing it...[0m
[0;32mNode.js v12.22.9 is installed and active.[0m
[0;32mnpm 8.5.1 is installed and active.[0m
[0;32mNode.js environment is ready.[0m
[2025-05-14T16:57:22.415Z] Starting context checkpoint enforcement...
[2025-05-14T16:57:22.417Z] Enforcing primary mode: cleaning-only
[2025-05-14T16:57:22.417Z] Setting cleaning-only mode: Only code cleanup and refactoring allowed
[2025-05-14T16:57:22.417Z] Enforcing behavior flags: no new file creation allowed, memory-bank consolidation active, format with Prettier after each save
[2025-05-14T16:57:22.417Z] Enforcing: No new file creation allowed
[2025-05-14T16:57:22.417Z] Enforcing: Memory bank consolidation active
[2025-05-14T16:57:22.418Z] Enforcing: Format with Prettier after each save
[2025-05-14T16:57:22.418Z] Context checkpoint enforcement completed successfully
[2025-05-14T16:57:22Z] Context checkpoint enforcement completed successfully
[2025-05-14T16:57:22Z] Context checkpoint system is ready
