[2025-05-14T00:07:01Z] Starting context checkpoint update...
[2025-05-14T00:07:01Z] Ensuring Node.js is installed...
[0;33mnvm found but not in PATH, sourcing it...[0m
[0;32mNode.js v18.20.8 is installed and active.[0m
[0;32mnpm 10.8.2 is installed and active.[0m
[0;32mNode.js environment is ready.[0m
[2025-05-14T00:07:02.358Z] Starting context checkpoint update...
[2025-05-14T00:07:02.362Z] Memory bank file modified: activeContext.md
[2025-05-14T00:07:02.363Z] Progress file has been updated
[2025-05-14T00:07:02.364Z] Triggers activated, updating checkpoint file...
[2025-05-14T00:07:02.366Z] Checkpoint file updated successfully
[2025-05-14T00:07:02Z] Context checkpoint update completed successfully
[2025-05-14T00:07:02Z] Context checkpoint system is ready
[2025-05-14T00:12:35Z] Starting context checkpoint update...
[2025-05-14T00:12:35Z] Ensuring Node.js is installed...
[0;33mnvm found but not in PATH, sourcing it...[0m
[0;32mNode.js v18.20.8 is installed and active.[0m
[0;32mnpm 10.8.2 is installed and active.[0m
[0;32mNode.js environment is ready.[0m
[2025-05-14T00:12:36.010Z] Starting context checkpoint update...
[2025-05-14T00:12:36.020Z] Memory bank file modified: app-history.md
[2025-05-14T00:12:36.020Z] Triggers activated, updating checkpoint file...
[2025-05-14T00:12:36.021Z] Checkpoint file updated successfully
[2025-05-14T00:12:36Z] Context checkpoint update completed successfully
[2025-05-14T00:12:36Z] Context checkpoint system is ready
[2025-05-14T16:57:20Z] Starting context checkpoint update...
[2025-05-14T16:57:20Z] Ensuring Node.js is installed...
[0;33mnvm not found, installing it...[0m
  % Total    % Received % Xferd  Average Speed   Time    Time     Time  Current
                                 Dload  Upload   Total   Spent    Left  Speed
  0     0    0     0    0     0      0      0 --:--:-- --:--:-- --:--:--     0100 16555  100 16555    0     0   130k      0 --:--:-- --:--:-- --:--:--  130k
=> Downloading nvm from git to '/home/vscode/.nvm'
=> Cloning into '/home/vscode/.nvm'...
* (HEAD detached at FETCH_HEAD)
  master
=> Compressing and cleaning up git repository

=> Appending nvm source string to /home/vscode/.bashrc
=> Appending bash_completion source string to /home/vscode/.bashrc
=> Close and reopen your terminal to start using nvm or run the following to use it now:

export NVM_DIR="$HOME/.nvm"
[ -s "$NVM_DIR/nvm.sh" ] && \. "$NVM_DIR/nvm.sh"  # This loads nvm
[ -s "$NVM_DIR/bash_completion" ] && \. "$NVM_DIR/bash_completion"  # This loads nvm bash_completion
[0;32mNode.js v12.22.9 is installed and active.[0m
[0;32mnpm 8.5.1 is installed and active.[0m
[0;32mNode.js environment is ready.[0m
[2025-05-14T16:57:22.163Z] Starting context checkpoint update...
[2025-05-14T16:57:22.166Z] Memory bank file modified: activeContext.md
[2025-05-14T16:57:22.167Z] Triggers activated, updating checkpoint file...
[2025-05-14T16:57:22.167Z] Checkpoint file updated successfully
[2025-05-14T16:57:22Z] Context checkpoint update completed successfully
[2025-05-14T16:57:22Z] Context checkpoint system is ready
