2025-05-10 17:15:02 - Starting executive brief generation...
2025-05-10 17:15:02 - Extracting metrics from /Users/lisadario/Desktop/ai-sports-edge/data/daily-metrics.json
2025-05-10 17:15:02 - Extracting sprint status from kickoff file
2025-05-10 17:15:02 - Sprint file not found, using placeholder values
2025-05-10 17:15:02 - Extracting tasks from task board
2025-05-10 17:15:02 - Generating executive brief
2025-05-10 17:15:02 - Executive brief generated at /Users/lisadario/Desktop/ai-sports-edge/docs-consolidated/05-business/FOUNDER_EXECUTIVE_BRIEF.md
2025-05-10 17:15:02 - Executive brief generation complete
2025-05-10 17:15:04 - Starting executive brief generation...
2025-05-10 17:15:04 - Extracting metrics from /Users/lisadario/Desktop/ai-sports-edge/data/daily-metrics.json
2025-05-10 17:15:04 - Extracting sprint status from kickoff file
2025-05-10 17:15:04 - Sprint file not found, using placeholder values
2025-05-10 17:15:04 - Extracting tasks from task board
2025-05-10 17:15:04 - Generating executive brief
2025-05-10 17:15:04 - Executive brief generated at /Users/lisadario/Desktop/ai-sports-edge/docs-consolidated/05-business/FOUNDER_EXECUTIVE_BRIEF.md
2025-05-10 17:15:05 - Executive brief generation complete
2025-05-10 17:15:06 - Starting executive brief generation...
2025-05-10 17:15:06 - Extracting metrics from /Users/lisadario/Desktop/ai-sports-edge/data/daily-metrics.json
2025-05-10 17:15:06 - Extracting sprint status from kickoff file
2025-05-10 17:15:06 - Sprint file not found, using placeholder values
2025-05-10 17:15:06 - Extracting tasks from task board
2025-05-10 17:15:06 - Generating executive brief
2025-05-10 17:15:06 - Executive brief generated at /Users/lisadario/Desktop/ai-sports-edge/docs-consolidated/05-business/FOUNDER_EXECUTIVE_BRIEF.md
2025-05-10 17:15:06 - Executive brief generation complete
2025-05-10 17:17:27 - Starting executive brief generation...
2025-05-10 17:17:27 - Extracting metrics from /Users/lisadario/Desktop/ai-sports-edge/data/daily-metrics.json
2025-05-10 17:17:27 - Extracting sprint status from kickoff file
2025-05-10 17:17:27 - Sprint file not found, using placeholder values
2025-05-10 17:17:27 - Extracting tasks from task board
2025-05-10 17:17:27 - Generating executive brief
2025-05-10 17:17:27 - Executive brief generated at /Users/lisadario/Desktop/ai-sports-edge/docs-consolidated/05-business/FOUNDER_EXECUTIVE_BRIEF.md
2025-05-10 17:17:27 - Executive brief generation complete
2025-05-10 17:17:27 - Starting executive brief generation...
2025-05-10 17:17:27 - Extracting metrics from /Users/lisadario/Desktop/ai-sports-edge/data/daily-metrics.json
2025-05-10 17:17:27 - Extracting sprint status from kickoff file
2025-05-10 17:17:27 - Sprint file not found, using placeholder values
2025-05-10 17:17:27 - Extracting tasks from task board
2025-05-10 17:17:27 - Generating executive brief
2025-05-10 17:17:27 - Executive brief generated at /Users/lisadario/Desktop/ai-sports-edge/docs-consolidated/05-business/FOUNDER_EXECUTIVE_BRIEF.md
2025-05-10 17:17:27 - Executive brief generation complete
2025-05-10 17:17:28 - Starting executive brief generation...
2025-05-10 17:17:28 - Extracting metrics from /Users/lisadario/Desktop/ai-sports-edge/data/daily-metrics.json
2025-05-10 17:17:28 - Extracting sprint status from kickoff file
2025-05-10 17:17:28 - Sprint file not found, using placeholder values
2025-05-10 17:17:28 - Extracting tasks from task board
2025-05-10 17:17:28 - Generating executive brief
2025-05-10 17:17:28 - Executive brief generated at /Users/lisadario/Desktop/ai-sports-edge/docs-consolidated/05-business/FOUNDER_EXECUTIVE_BRIEF.md
2025-05-10 17:17:28 - Executive brief generation complete
2025-05-10 17:18:31 - Starting executive brief generation...
2025-05-10 17:18:31 - Extracting metrics from /Users/lisadario/Desktop/ai-sports-edge/data/daily-metrics.json
2025-05-10 17:18:31 - Extracting sprint status from kickoff file
2025-05-10 17:18:31 - Sprint file not found, using placeholder values
2025-05-10 17:18:31 - Extracting tasks from task board
2025-05-10 17:18:31 - Generating executive brief
2025-05-10 17:18:31 - Executive brief generated at /Users/lisadario/Desktop/ai-sports-edge/docs-consolidated/05-business/FOUNDER_EXECUTIVE_BRIEF.md
2025-05-10 17:18:31 - Executive brief generation complete
2025-05-10 17:18:32 - Starting executive brief generation...
2025-05-10 17:18:32 - Extracting metrics from /Users/lisadario/Desktop/ai-sports-edge/data/daily-metrics.json
2025-05-10 17:18:32 - Extracting sprint status from kickoff file
2025-05-10 17:18:32 - Sprint file not found, using placeholder values
2025-05-10 17:18:32 - Extracting tasks from task board
2025-05-10 17:18:32 - Generating executive brief
2025-05-10 17:18:32 - Executive brief generated at /Users/lisadario/Desktop/ai-sports-edge/docs-consolidated/05-business/FOUNDER_EXECUTIVE_BRIEF.md
2025-05-10 17:18:32 - Executive brief generation complete
2025-05-10 17:18:32 - Starting executive brief generation...
2025-05-10 17:18:32 - Extracting metrics from /Users/lisadario/Desktop/ai-sports-edge/data/daily-metrics.json
2025-05-10 17:18:32 - Extracting sprint status from kickoff file
2025-05-10 17:18:32 - Sprint file not found, using placeholder values
2025-05-10 17:18:32 - Extracting tasks from task board
2025-05-10 17:18:32 - Generating executive brief
2025-05-10 17:18:32 - Executive brief generated at /Users/lisadario/Desktop/ai-sports-edge/docs-consolidated/05-business/FOUNDER_EXECUTIVE_BRIEF.md
2025-05-10 17:18:32 - Executive brief generation complete
2025-05-10 17:19:45 - Starting executive brief generation...
2025-05-10 17:19:45 - Extracting metrics from /Users/lisadario/Desktop/ai-sports-edge/data/daily-metrics.json
2025-05-10 17:19:45 - Extracting sprint status from kickoff file
2025-05-10 17:19:45 - Sprint file not found, using placeholder values
2025-05-10 17:19:45 - Extracting tasks from task board
2025-05-10 17:19:45 - Generating executive brief
2025-05-10 17:19:45 - Executive brief generated at /Users/lisadario/Desktop/ai-sports-edge/docs-consolidated/05-business/FOUNDER_EXECUTIVE_BRIEF.md
2025-05-10 17:19:45 - Executive brief generation complete
2025-05-10 17:19:46 - Starting executive brief generation...
2025-05-10 17:19:46 - Extracting metrics from /Users/lisadario/Desktop/ai-sports-edge/data/daily-metrics.json
2025-05-10 17:19:46 - Extracting sprint status from kickoff file
2025-05-10 17:19:46 - Sprint file not found, using placeholder values
2025-05-10 17:19:46 - Extracting tasks from task board
2025-05-10 17:19:46 - Generating executive brief
2025-05-10 17:19:46 - Executive brief generated at /Users/lisadario/Desktop/ai-sports-edge/docs-consolidated/05-business/FOUNDER_EXECUTIVE_BRIEF.md
2025-05-10 17:19:46 - Executive brief generation complete
2025-05-10 17:19:46 - Starting executive brief generation...
2025-05-10 17:19:46 - Extracting metrics from /Users/lisadario/Desktop/ai-sports-edge/data/daily-metrics.json
2025-05-10 17:19:46 - Extracting sprint status from kickoff file
2025-05-10 17:19:46 - Sprint file not found, using placeholder values
2025-05-10 17:19:46 - Extracting tasks from task board
2025-05-10 17:19:46 - Generating executive brief
2025-05-10 17:19:46 - Executive brief generated at /Users/lisadario/Desktop/ai-sports-edge/docs-consolidated/05-business/FOUNDER_EXECUTIVE_BRIEF.md
2025-05-10 17:19:46 - Executive brief generation complete
2025-05-10 18:11:04 - Starting executive brief generation...
2025-05-10 18:11:04 - Extracting metrics from /Users/lisadario/Desktop/ai-sports-edge/data/daily-metrics.json
2025-05-10 18:11:04 - Extracting sprint status from kickoff file
2025-05-10 18:11:04 - Sprint file not found, using placeholder values
2025-05-10 18:11:04 - Extracting tasks from task board
2025-05-10 18:11:04 - Generating executive brief
2025-05-10 18:11:04 - Executive brief generated at /Users/lisadario/Desktop/ai-sports-edge/docs-consolidated/05-business/FOUNDER_EXECUTIVE_BRIEF.md
2025-05-10 18:11:04 - Executive brief generation complete
2025-05-10 18:11:04 - Starting executive brief generation...
2025-05-10 18:11:04 - Extracting metrics from /Users/lisadario/Desktop/ai-sports-edge/data/daily-metrics.json
2025-05-10 18:11:05 - Extracting sprint status from kickoff file
2025-05-10 18:11:05 - Sprint file not found, using placeholder values
2025-05-10 18:11:05 - Extracting tasks from task board
2025-05-10 18:11:05 - Generating executive brief
2025-05-10 18:11:05 - Executive brief generated at /Users/lisadario/Desktop/ai-sports-edge/docs-consolidated/05-business/FOUNDER_EXECUTIVE_BRIEF.md
2025-05-10 18:11:05 - Executive brief generation complete
2025-05-10 18:11:05 - Starting executive brief generation...
2025-05-10 18:11:05 - Extracting metrics from /Users/lisadario/Desktop/ai-sports-edge/data/daily-metrics.json
2025-05-10 18:11:05 - Extracting sprint status from kickoff file
2025-05-10 18:11:05 - Sprint file not found, using placeholder values
2025-05-10 18:11:05 - Extracting tasks from task board
2025-05-10 18:11:05 - Generating executive brief
2025-05-10 18:11:05 - Executive brief generated at /Users/lisadario/Desktop/ai-sports-edge/docs-consolidated/05-business/FOUNDER_EXECUTIVE_BRIEF.md
2025-05-10 18:11:05 - Executive brief generation complete
2025-05-10 18:26:49 - Starting executive brief generation...
2025-05-10 18:26:49 - Extracting metrics from /Users/lisadario/Desktop/ai-sports-edge/data/daily-metrics.json
2025-05-10 18:26:49 - Extracting sprint status from kickoff file
2025-05-10 18:26:49 - Sprint file not found, using placeholder values
2025-05-10 18:26:49 - Extracting tasks from task board
2025-05-10 18:26:49 - Generating executive brief
2025-05-10 18:26:50 - Executive brief generated at /Users/lisadario/Desktop/ai-sports-edge/docs-consolidated/05-business/FOUNDER_EXECUTIVE_BRIEF.md
2025-05-10 18:26:50 - Executive brief generation complete
2025-05-10 18:26:50 - Starting executive brief generation...
2025-05-10 18:26:50 - Extracting metrics from /Users/lisadario/Desktop/ai-sports-edge/data/daily-metrics.json
2025-05-10 18:26:50 - Extracting sprint status from kickoff file
2025-05-10 18:26:50 - Sprint file not found, using placeholder values
2025-05-10 18:26:50 - Extracting tasks from task board
2025-05-10 18:26:50 - Generating executive brief
2025-05-10 18:26:50 - Executive brief generated at /Users/lisadario/Desktop/ai-sports-edge/docs-consolidated/05-business/FOUNDER_EXECUTIVE_BRIEF.md
2025-05-10 18:26:50 - Executive brief generation complete
2025-05-10 18:26:51 - Starting executive brief generation...
2025-05-10 18:26:51 - Extracting metrics from /Users/lisadario/Desktop/ai-sports-edge/data/daily-metrics.json
2025-05-10 18:26:51 - Extracting sprint status from kickoff file
2025-05-10 18:26:51 - Sprint file not found, using placeholder values
2025-05-10 18:26:51 - Extracting tasks from task board
2025-05-10 18:26:51 - Generating executive brief
2025-05-10 18:26:51 - Executive brief generated at /Users/lisadario/Desktop/ai-sports-edge/docs-consolidated/05-business/FOUNDER_EXECUTIVE_BRIEF.md
2025-05-10 18:26:51 - Executive brief generation complete
2025-05-10 18:46:48 - Starting executive brief generation...
2025-05-10 18:46:48 - Extracting metrics from /Users/lisadario/Desktop/ai-sports-edge/data/daily-metrics.json
2025-05-10 18:46:49 - Extracting sprint status from kickoff file
2025-05-10 18:46:49 - Sprint file not found, using placeholder values
2025-05-10 18:46:49 - Extracting tasks from task board
2025-05-10 18:46:49 - Generating executive brief
2025-05-10 18:46:49 - Executive brief generated at /Users/lisadario/Desktop/ai-sports-edge/docs-consolidated/05-business/FOUNDER_EXECUTIVE_BRIEF.md
2025-05-10 18:46:49 - Executive brief generation complete
2025-05-10 18:46:49 - Starting executive brief generation...
2025-05-10 18:46:49 - Extracting metrics from /Users/lisadario/Desktop/ai-sports-edge/data/daily-metrics.json
2025-05-10 18:46:49 - Extracting sprint status from kickoff file
2025-05-10 18:46:49 - Sprint file not found, using placeholder values
2025-05-10 18:46:49 - Extracting tasks from task board
2025-05-10 18:46:49 - Generating executive brief
2025-05-10 18:46:49 - Executive brief generated at /Users/lisadario/Desktop/ai-sports-edge/docs-consolidated/05-business/FOUNDER_EXECUTIVE_BRIEF.md
2025-05-10 18:46:49 - Executive brief generation complete
2025-05-10 18:46:49 - Starting executive brief generation...
2025-05-10 18:46:49 - Extracting metrics from /Users/lisadario/Desktop/ai-sports-edge/data/daily-metrics.json
2025-05-10 18:46:49 - Extracting sprint status from kickoff file
2025-05-10 18:46:49 - Sprint file not found, using placeholder values
2025-05-10 18:46:49 - Extracting tasks from task board
2025-05-10 18:46:49 - Generating executive brief
2025-05-10 18:46:49 - Executive brief generated at /Users/lisadario/Desktop/ai-sports-edge/docs-consolidated/05-business/FOUNDER_EXECUTIVE_BRIEF.md
2025-05-10 18:46:49 - Executive brief generation complete
2025-05-10 18:49:15 - Starting executive brief generation...
2025-05-10 18:49:15 - Extracting metrics from /Users/lisadario/Desktop/ai-sports-edge/data/daily-metrics.json
2025-05-10 18:49:15 - Extracting sprint status from kickoff file
2025-05-10 18:49:15 - Sprint file not found, using placeholder values
2025-05-10 18:49:15 - Extracting tasks from task board
2025-05-10 18:49:15 - Generating executive brief
2025-05-10 18:49:15 - Executive brief generated at /Users/lisadario/Desktop/ai-sports-edge/docs-consolidated/05-business/FOUNDER_EXECUTIVE_BRIEF.md
2025-05-10 18:49:15 - Executive brief generation complete
